Using pre-set license
Built from '2021.3/staging' branch; Version is '2021.3.18f1 (3129e69bc0c7) revision 3221990'; Using compiler version '192829333'; Build Type 'Release'
OS: 'Windows 11  (10.0.22000) 64bit Professional' Language: 'ru' Physical Memory: 65369 MB
BatchMode: 1, IsHumanControllingUs: 0, StartBugReporterOnCrash: 0, Is64bit: 1, IsPro: 1

COMMAND LINE ARGUMENTS:
C:\Program Files\Unity\Hub\Editor\2021.3.18f1\Editor\Unity.exe
-adb2
-batchMode
-noUpm
-name
AssetImportWorker0
-projectPath
C:/Users/Ученик/Documents/GitHub/reactions/реакции
-logFile
Logs/AssetImportWorker0.log
-srvPort
65389
Successfully changed project path to: C:/Users/Ученик/Documents/GitHub/reactions/реакции
C:/Users/Ученик/Documents/GitHub/reactions/реакции
[UnityMemory] Configuration Parameters - Can be set up in boot.config
    "memorysetup-bucket-allocator-granularity=16"
    "memorysetup-bucket-allocator-bucket-count=8"
    "memorysetup-bucket-allocator-block-size=33554432"
    "memorysetup-bucket-allocator-block-count=8"
    "memorysetup-main-allocator-block-size=16777216"
    "memorysetup-thread-allocator-block-size=16777216"
    "memorysetup-gfx-main-allocator-block-size=16777216"
    "memorysetup-gfx-thread-allocator-block-size=16777216"
    "memorysetup-cache-allocator-block-size=4194304"
    "memorysetup-typetree-allocator-block-size=2097152"
    "memorysetup-profiler-bucket-allocator-granularity=16"
    "memorysetup-profiler-bucket-allocator-bucket-count=8"
    "memorysetup-profiler-bucket-allocator-block-size=33554432"
    "memorysetup-profiler-bucket-allocator-block-count=8"
    "memorysetup-profiler-allocator-block-size=16777216"
    "memorysetup-profiler-editor-allocator-block-size=1048576"
    "memorysetup-temp-allocator-size-main=16777216"
    "memorysetup-job-temp-allocator-block-size=2097152"
    "memorysetup-job-temp-allocator-block-size-background=1048576"
    "memorysetup-job-temp-allocator-reduction-small-platforms=262144"
    "memorysetup-temp-allocator-size-background-worker=32768"
    "memorysetup-temp-allocator-size-job-worker=262144"
    "memorysetup-temp-allocator-size-preload-manager=33554432"
    "memorysetup-temp-allocator-size-nav-mesh-worker=65536"
    "memorysetup-temp-allocator-size-audio-worker=65536"
    "memorysetup-temp-allocator-size-cloud-worker=32768"
    "memorysetup-temp-allocator-size-gi-baking-worker=262144"
    "memorysetup-temp-allocator-size-gfx=262144"
Player connection [6308] Host "[IP] 192.168.1.178 [Port] 0 [Flags] 2 [Guid] 2407927509 [EditorId] 2407927509 [Version] 1048832 [Id] WindowsEditor(7,WS-0ECB42) [Debug] 1 [PackageName] WindowsEditor [ProjectName] Editor" joined multi-casting on [225.0.0.222:54997]...

Player connection [6308] Host "[IP] 192.168.1.178 [Port] 0 [Flags] 2 [Guid] 2407927509 [EditorId] 2407927509 [Version] 1048832 [Id] WindowsEditor(7,WS-0ECB42) [Debug] 1 [PackageName] WindowsEditor [ProjectName] Editor" joined alternative multi-casting on [225.0.0.222:34997]...

Refreshing native plugins compatible for Editor in 78.64 ms, found 12 plugins.
Preloading 1 native plugins for Editor in 0.42 ms.
Initialize engine version: 2021.3.18f1 (3129e69bc0c7)
[Subsystems] Discovering subsystems at path C:/Program Files/Unity/Hub/Editor/2021.3.18f1/Editor/Data/Resources/UnitySubsystems
[Subsystems] Discovering subsystems at path C:/Users/Ученик/Documents/GitHub/reactions/реакции/Assets
GfxDevice: creating device client; threaded=0; jobified=0
Direct3D:
    Version:  Direct3D 11.0 [level 11.1]
    Renderer: NVIDIA GeForce RTX 3080 (ID=0x220a)
    Vendor:   NVIDIA
    VRAM:     12107 MB
    Driver:   31.0.15.2824
Initialize mono
Mono path[0] = 'C:/Program Files/Unity/Hub/Editor/2021.3.18f1/Editor/Data/Managed'
Mono path[1] = 'C:/Program Files/Unity/Hub/Editor/2021.3.18f1/Editor/Data/MonoBleedingEdge/lib/mono/unityjit-win32'
Mono config path = 'C:/Program Files/Unity/Hub/Editor/2021.3.18f1/Editor/Data/MonoBleedingEdge/etc'
Using monoOptions --debugger-agent=transport=dt_socket,embedding=1,server=y,suspend=n,address=127.0.0.1:56300
Begin MonoManager ReloadAssembly
Registering precompiled unity dll's ...
Register platform support module: C:/Program Files/Unity/Hub/Editor/2021.3.18f1/Editor/Data/PlaybackEngines/AndroidPlayer/UnityEditor.Android.Extensions.dll
Register platform support module: C:/Program Files/Unity/Hub/Editor/2021.3.18f1/Editor/Data/PlaybackEngines/WindowsStandaloneSupport/UnityEditor.WindowsStandalone.Extensions.dll
Registered in 0.002478 seconds.
Native extension for WindowsStandalone target not found
Native extension for Android target not found
Android Extension - Scanning For ADB Devices 2443 ms
Refreshing native plugins compatible for Editor in 68.51 ms, found 12 plugins.
Preloading 1 native plugins for Editor in 0.05 ms.
Mono: successfully reloaded assembly
- Completed reload, in  2.880 seconds
Domain Reload Profiling:
	ReloadAssembly (2881ms)
		BeginReloadAssembly (43ms)
			ExecutionOrderSort (0ms)
			DisableScriptedObjects (0ms)
			BackupInstance (0ms)
			ReleaseScriptingObjects (0ms)
			CreateAndSetChildDomain (1ms)
		EndReloadAssembly (2766ms)
			LoadAssemblies (42ms)
			RebuildTransferFunctionScriptingTraits (0ms)
			SetupTypeCache (74ms)
			ReleaseScriptCaches (0ms)
			RebuildScriptCaches (18ms)
			SetupLoadedEditorAssemblies (2637ms)
				LogAssemblyErrors (0ms)
				InitializePlatformSupportModulesInManaged (2485ms)
				SetLoadedEditorAssemblies (0ms)
				RefreshPlugins (69ms)
				BeforeProcessingInitializeOnLoad (1ms)
				ProcessInitializeOnLoadAttributes (56ms)
				ProcessInitializeOnLoadMethodAttributes (26ms)
				AfterProcessingInitializeOnLoad (0ms)
				EditorAssembliesLoaded (0ms)
			ExecutionOrderSort2 (0ms)
			AwakeInstancesAfterBackupRestoration (0ms)
Platform modules already initialized, skipping
Registering precompiled user dll's ...
Registered in 0.004697 seconds.
Begin MonoManager ReloadAssembly
Symbol file LoadedFromMemory doesn't match image C:\Users\Ученик\Documents\GitHub\reactions\реакции\Library\PackageCache\com.unity.visualscripting@1.8.0\Editor\VisualScripting.Core\Dependencies\DotNetZip\Unity.VisualScripting.IonicZip.dll
Symbol file LoadedFromMemory doesn't match image C:\Users\Ученик\Documents\GitHub\reactions\реакции\Library\PackageCache\com.unity.visualscripting@1.8.0\Editor\VisualScripting.Core\Dependencies\YamlDotNet\Unity.VisualScripting.YamlDotNet.dll
Native extension for WindowsStandalone target not found
Native extension for Android target not found
Refreshing native plugins compatible for Editor in 70.01 ms, found 12 plugins.
Preloading 1 native plugins for Editor in 0.05 ms.
Package Manager log level set to [2]
System.Reflection.TargetInvocationException: Exception has been thrown by the target of an invocation. ---> System.NullReferenceException: Object reference not set to an instance of an object
  at Unity.XR.Oculus.OculusLoader.AssetPathToAbsolutePath (System.String assetPath) [0x0003d] in C:\Users\Ученик\Documents\GitHub\reactions\реакции\Library\PackageCache\com.unity.xr.oculus@3.2.2\Runtime\OculusLoader.cs:296 
  at Unity.XR.Oculus.OculusLoader.EditorLoadOVRPlugin () [0x0007b] in C:\Users\Ученик\Documents\GitHub\reactions\реакции\Library\PackageCache\com.unity.xr.oculus@3.2.2\Runtime\OculusLoader.cs:281 
  at (wrapper managed-to-native) System.Reflection.RuntimeMethodInfo.InternalInvoke(System.Reflection.RuntimeMethodInfo,object,object[],System.Exception&)
  at System.Reflection.RuntimeMethodInfo.Invoke (System.Object obj, System.Reflection.BindingFlags invokeAttr, System.Reflection.Binder binder, System.Object[] parameters, System.Globalization.CultureInfo culture) [0x0006a] in <1f66344f2f89470293d8b67d71308c07>:0 
   --- End of inner exception stack trace ---
  at System.Reflection.RuntimeMethodInfo.Invoke (System.Object obj, System.Reflection.BindingFlags invokeAttr, System.Reflection.Binder binder, System.Object[] parameters, System.Globalization.CultureInfo culture) [0x00083] in <1f66344f2f89470293d8b67d71308c07>:0 
  at System.Reflection.MethodBase.Invoke (System.Object obj, System.Object[] parameters) [0x00000] in <1f66344f2f89470293d8b67d71308c07>:0 
  at UnityEditor.EditorAssemblies.ProcessInitializeOnLoadMethodAttributes () [0x000a5] in <42a64fd733d9417da1ea3a757ad9a96d>:0 
UnityEngine.StackTraceUtility:ExtractStackTrace ()
UnityEngine.DebugLogHandler:LogFormat (UnityEngine.LogType,UnityEngine.Object,string,object[])
UnityEngine.Logger:Log (UnityEngine.LogType,object)
UnityEngine.Debug:LogError (object)
UnityEditor.EditorAssemblies:ProcessInitializeOnLoadMethodAttributes ()

Mono: successfully reloaded assembly
- Completed reload, in  0.894 seconds
Domain Reload Profiling:
	ReloadAssembly (895ms)
		BeginReloadAssembly (70ms)
			ExecutionOrderSort (0ms)
			DisableScriptedObjects (4ms)
			BackupInstance (0ms)
			ReleaseScriptingObjects (0ms)
			CreateAndSetChildDomain (14ms)
		EndReloadAssembly (740ms)
			LoadAssemblies (56ms)
			RebuildTransferFunctionScriptingTraits (0ms)
			SetupTypeCache (226ms)
			ReleaseScriptCaches (0ms)
			RebuildScriptCaches (45ms)
			SetupLoadedEditorAssemblies (371ms)
				LogAssemblyErrors (0ms)
				InitializePlatformSupportModulesInManaged (11ms)
				SetLoadedEditorAssemblies (0ms)
				RefreshPlugins (70ms)
				BeforeProcessingInitializeOnLoad (63ms)
				ProcessInitializeOnLoadAttributes (203ms)
				ProcessInitializeOnLoadMethodAttributes (21ms)
				AfterProcessingInitializeOnLoad (3ms)
				EditorAssembliesLoaded (0ms)
			ExecutionOrderSort2 (0ms)
			AwakeInstancesAfterBackupRestoration (3ms)
Platform modules already initialized, skipping
========================================================================
Worker process is ready to serve import requests
Launched and connected shader compiler UnityShaderCompiler.exe after 0.02 seconds
Refreshing native plugins compatible for Editor in 1.14 ms, found 12 plugins.
Preloading 1 native plugins for Editor in 0.11 ms.
Unloading 3926 Unused Serialized files (Serialized files now loaded: 0)
Unloading 63 unused Assets / (1.3 MB). Loaded Objects now: 4356.
Memory consumption went from 147.0 MB to 145.7 MB.
Total: 3.918000 ms (FindLiveObjects: 0.311700 ms CreateObjectMapping: 0.369600 ms MarkObjects: 2.926000 ms  DeleteObjects: 0.309100 ms)

AssetImportParameters requested are different than current active one (requested -> active):
  custom:video-decoder-ogg-theora: a1e56fd34408186e4bbccfd4996cb3dc -> 
  custom:container-muxer-webm: aa71ff27fc2769a1b78a27578f13a17b -> 
  custom:container-demuxer-webm: 4f35f7cbe854078d1ac9338744f61a02 -> 
  custom:video-encoder-webm-vp8: eb34c28f22e8b96e1ab97ce403110664 -> 
  custom:audio-encoder-webm-vorbis: bf7c407c2cedff20999df2af8eb42d56 -> 
  custom:framework-win-MediaFoundation: 216162199b28c13a410421893ffa2e32 -> 
  custom:container-demuxer-ogg: 62fdf1f143b41e24485cea50d1cbac27 -> 
  custom:video-decoder-webm-vp8: 9c59270c3fd7afecdb556c50c9e8de78 -> 
  custom:audio-decoder-ogg-vorbis: bf7c407c2cedff20999df2af8eb42d56 -> 
========================================================================
Received Import Request.
  Time since last request: 218604.553271 seconds.
  path: Assets/EffectExamples/SmokeTrail.mat
  artifactKey: Guid(85320f50710fcfb4d886bc56151bea1b) Importer(815301076,1909f56bfc062723c751e8b465ee728b)
Start importing Assets/EffectExamples/SmokeTrail.mat using Guid(85320f50710fcfb4d886bc56151bea1b) Importer(815301076,1909f56bfc062723c751e8b465ee728b)  -> (artifact id: 'c25e46606390a4a918ad79d56a3b3068') in 0.159924 seconds 
========================================================================
Received Import Request.
  Time since last request: 0.000019 seconds.
  path: Assets/New Material.mat
  artifactKey: Guid(2fdd4a993bad0ee44b6c802358359e50) Importer(815301076,1909f56bfc062723c751e8b465ee728b)
Start importing Assets/New Material.mat using Guid(2fdd4a993bad0ee44b6c802358359e50) Importer(815301076,1909f56bfc062723c751e8b465ee728b)  -> (artifact id: 'f651a9028c8e104a960a2f58680986e6') in 0.158998 seconds 
========================================================================
Received Import Request.
  Time since last request: 149.724605 seconds.
  path: Assets/EffectExamples/Scenes
  artifactKey: Guid(6e2175e19ead3b341ad1be4afbe9075a) Importer(815301076,1909f56bfc062723c751e8b465ee728b)
Start importing Assets/EffectExamples/Scenes using Guid(6e2175e19ead3b341ad1be4afbe9075a) Importer(815301076,1909f56bfc062723c751e8b465ee728b)  -> (artifact id: 'db17c22f6f2db2f77472eb27e2e81256') in 0.005829 seconds 
========================================================================
Received Import Request.
  Time since last request: 1.537152 seconds.
  path: Assets/EffectExamples/Scenes/Menu
  artifactKey: Guid(b5de108a9fe723f48a4771092550f82d) Importer(815301076,1909f56bfc062723c751e8b465ee728b)
Start importing Assets/EffectExamples/Scenes/Menu using Guid(b5de108a9fe723f48a4771092550f82d) Importer(815301076,1909f56bfc062723c751e8b465ee728b)  -> (artifact id: '622349eff97557a5820ea6746f913475') in 0.004696 seconds 
========================================================================
Received Import Request.
  Time since last request: 0.075370 seconds.
  path: Assets/EffectExamples/Scenes/Menu/LightingData.asset
  artifactKey: Guid(c482561641a25514791bf19c84125d92) Importer(815301076,1909f56bfc062723c751e8b465ee728b)
Start importing Assets/EffectExamples/Scenes/Menu/LightingData.asset using Guid(c482561641a25514791bf19c84125d92) Importer(815301076,1909f56bfc062723c751e8b465ee728b)  -> (artifact id: 'c42f7536c212ec63ebbb7f2de83ed2ca') in 0.006744 seconds 
========================================================================
Received Import Request.
  Time since last request: 0.000012 seconds.
  path: Assets/EffectExamples/Scenes/Menu/ReflectionProbe-0.exr
  artifactKey: Guid(afa65c6b520779f44bbd494abdfb8cdd) Importer(815301076,1909f56bfc062723c751e8b465ee728b)
Start importing Assets/EffectExamples/Scenes/Menu/ReflectionProbe-0.exr using Guid(afa65c6b520779f44bbd494abdfb8cdd) Importer(815301076,1909f56bfc062723c751e8b465ee728b)  -> (artifact id: 'a2044ea69a4c3f23a72cbd11a10c366f') in 0.020397 seconds 
========================================================================
Received Import Request.
  Time since last request: 6.433678 seconds.
  path: Assets/Scenes
  artifactKey: Guid(0cc1b79de78bc4991892d4d342d7211a) Importer(815301076,1909f56bfc062723c751e8b465ee728b)
Start importing Assets/Scenes using Guid(0cc1b79de78bc4991892d4d342d7211a) Importer(815301076,1909f56bfc062723c751e8b465ee728b)  -> (artifact id: '464905cf348a3030ff915904016b0176') in 0.001758 seconds 
========================================================================
Received Import Request.
  Time since last request: 2.394164 seconds.
  path: Assets/Scenes/SampleScene.unity
  artifactKey: Guid(9fc0d4010bbf28b4594072e72b8655ab) Importer(815301076,1909f56bfc062723c751e8b465ee728b)
Start importing Assets/Scenes/SampleScene.unity using Guid(9fc0d4010bbf28b4594072e72b8655ab) Importer(815301076,1909f56bfc062723c751e8b465ee728b)  -> (artifact id: '4c625e89539f212862b9e77138dbca11') in 0.004562 seconds 
========================================================================
Received Import Request.
  Time since last request: 10.339970 seconds.
  path: Assets/Capsule.controller
  artifactKey: Guid(5c5feb1f4b1e5a9448ed656db6b17e67) Importer(815301076,1909f56bfc062723c751e8b465ee728b)
Start importing Assets/Capsule.controller using Guid(5c5feb1f4b1e5a9448ed656db6b17e67) Importer(815301076,1909f56bfc062723c751e8b465ee728b)  -> (artifact id: '1c9e6891e46469d9762145463a71e021') in 0.017290 seconds 
========================================================================
Received Import Request.
  Time since last request: 5.382322 seconds.
  path: Assets/Empty.anim
  artifactKey: Guid(63672662363b08f49ad26bd09335b82f) Importer(815301076,1909f56bfc062723c751e8b465ee728b)
Start importing Assets/Empty.anim using Guid(63672662363b08f49ad26bd09335b82f) Importer(815301076,1909f56bfc062723c751e8b465ee728b)  -> (artifact id: '9698639bdf865fa1f80884c9c79d0cd9') in 0.005665 seconds 
========================================================================
Received Import Request.
  Time since last request: 6.389029 seconds.
  path: Assets/анимация
  artifactKey: Guid(76bb548ef8b0ab745abe8c9976e27786) Importer(815301076,1909f56bfc062723c751e8b465ee728b)
Start importing Assets/анимация using Guid(76bb548ef8b0ab745abe8c9976e27786) Importer(815301076,1909f56bfc062723c751e8b465ee728b)  -> (artifact id: '18418e49ed9f2c45aee43d20e7abe4e3') in 0.004185 seconds 
========================================================================
Received Import Request.
  Time since last request: 3.887873 seconds.
  path: Assets/сцена
  artifactKey: Guid(bbc1c967ba3e8a64e87146b53c93fbbd) Importer(815301076,1909f56bfc062723c751e8b465ee728b)
Start importing Assets/сцена using Guid(bbc1c967ba3e8a64e87146b53c93fbbd) Importer(815301076,1909f56bfc062723c751e8b465ee728b)  -> (artifact id: '852d95ad3d7291fc77f5e3bc91c5670a') in 0.004136 seconds 
========================================================================
Received Import Request.
  Time since last request: 12.655932 seconds.
  path: Assets/сцена/окисление меди.unity
  artifactKey: Guid(c6b94817cf1d0fd40b7ae348e023ee67) Importer(815301076,1909f56bfc062723c751e8b465ee728b)
Start importing Assets/сцена/окисление меди.unity using Guid(c6b94817cf1d0fd40b7ae348e023ee67) Importer(815301076,1909f56bfc062723c751e8b465ee728b)  -> (artifact id: 'ac1d811024cf92c1cd92829f9624da5b') in 0.004692 seconds 
========================================================================
Received Import Request.
  Time since last request: 25.784015 seconds.
  path: Assets/сцена/МЕНЮ.unity
  artifactKey: Guid(f3e74bd36d6217944ac5d5089e9cd812) Importer(815301076,1909f56bfc062723c751e8b465ee728b)
Start importing Assets/сцена/МЕНЮ.unity using Guid(f3e74bd36d6217944ac5d5089e9cd812) Importer(815301076,1909f56bfc062723c751e8b465ee728b)  -> (artifact id: 'e2ee147c841a89a771e051a3ab80c643') in 0.005853 seconds 
========================================================================
Received Import Request.
  Time since last request: 309.467580 seconds.
  path: Assets/ExampleAssets/Tutorial/Images/1-welcome-screen-image.png
  artifactKey: Guid(11e34d76fce7843be984510eca5c9139) Importer(815301076,1909f56bfc062723c751e8b465ee728b)
Start importing Assets/ExampleAssets/Tutorial/Images/1-welcome-screen-image.png using Guid(11e34d76fce7843be984510eca5c9139) Importer(815301076,1909f56bfc062723c751e8b465ee728b)  -> (artifact id: 'cc7e782ef059ece8abc3c67a1571b72d') in 0.059545 seconds 
========================================================================
Received Import Request.
  Time since last request: 0.000019 seconds.
  path: Assets/EffectExamples/Shared/Models/BackGround.FBX
  artifactKey: Guid(f4527c479041fc040b53171204c086a5) Importer(815301076,1909f56bfc062723c751e8b465ee728b)
Start importing Assets/EffectExamples/Shared/Models/BackGround.FBX using Guid(f4527c479041fc040b53171204c086a5) Importer(815301076,1909f56bfc062723c751e8b465ee728b)  -> (artifact id: '53e86f6c116d9aa25a87153216776be3') in 0.031822 seconds 
========================================================================
Received Import Request.
  Time since last request: 0.000019 seconds.
  path: Assets/XR/XRGeneralSettings.asset
  artifactKey: Guid(1a4c68ca72a83449f938d669337cb305) Importer(815301076,1909f56bfc062723c751e8b465ee728b)
Start importing Assets/XR/XRGeneralSettings.asset using Guid(1a4c68ca72a83449f938d669337cb305) Importer(815301076,1909f56bfc062723c751e8b465ee728b)  -> (artifact id: '8080ae9dfa7399b33d82ef65a37fac27') in 0.009729 seconds 
========================================================================
Received Import Request.
  Time since last request: 1.264829 seconds.
  path: Assets/EffectExamples/Shared/Textures/BackgroundAlbedo.tif
  artifactKey: Guid(184411e5cbfcef94d90c27171a6135d6) Importer(815301076,1909f56bfc062723c751e8b465ee728b)
Start importing Assets/EffectExamples/Shared/Textures/BackgroundAlbedo.tif using Guid(184411e5cbfcef94d90c27171a6135d6) Importer(815301076,1909f56bfc062723c751e8b465ee728b)  -> (artifact id: 'dee53f761c4565c85fea0eb511ab15d8') in 0.023823 seconds 
========================================================================
Received Import Request.
  Time since last request: 0.451083 seconds.
  path: Assets/Modern Furniture/Materials/Rock Style Table/Base.mat
  artifactKey: Guid(d086d0f242a45da43b20921ec012e57a) Importer(815301076,1909f56bfc062723c751e8b465ee728b)
Start importing Assets/Modern Furniture/Materials/Rock Style Table/Base.mat using Guid(d086d0f242a45da43b20921ec012e57a) Importer(815301076,1909f56bfc062723c751e8b465ee728b)  -> (artifact id: '5de3f282eb9ba043ace64cc1045bda29') in 0.189219 seconds 
========================================================================
Received Import Request.
  Time since last request: 0.330314 seconds.
  path: Assets/Modern Furniture/Materials/Lamp/Base.mat
  artifactKey: Guid(ec3a3d0dd92b12e4bb8fe42a3689186a) Importer(815301076,1909f56bfc062723c751e8b465ee728b)
Start importing Assets/Modern Furniture/Materials/Lamp/Base.mat using Guid(ec3a3d0dd92b12e4bb8fe42a3689186a) Importer(815301076,1909f56bfc062723c751e8b465ee728b)  -> (artifact id: '181aa0b61b3d5bea789bc2477390fb74') in 0.036734 seconds 
========================================================================
Received Import Request.
  Time since last request: 0.421966 seconds.
  path: Assets/Modern Furniture/Prefabs/Source/Materials/Base.002.mat
  artifactKey: Guid(56ab23d6a9f757e459f0f4faa4995ca5) Importer(815301076,1909f56bfc062723c751e8b465ee728b)
Start importing Assets/Modern Furniture/Prefabs/Source/Materials/Base.002.mat using Guid(56ab23d6a9f757e459f0f4faa4995ca5) Importer(815301076,1909f56bfc062723c751e8b465ee728b)  -> (artifact id: '56ac4cde45c9b1ef08b3ccc701c9c055') in 0.020338 seconds 
========================================================================
Received Import Request.
  Time since last request: 0.008619 seconds.
  path: Assets/Modern Furniture/Materials/Lamp/Textures/Base_AO.png
  artifactKey: Guid(14c2c9f3b315ac54f85c6f6bea1a2b44) Importer(815301076,1909f56bfc062723c751e8b465ee728b)
Start importing Assets/Modern Furniture/Materials/Lamp/Textures/Base_AO.png using Guid(14c2c9f3b315ac54f85c6f6bea1a2b44) Importer(815301076,1909f56bfc062723c751e8b465ee728b)  -> (artifact id: '1b97898d8d99f328a008908ac44eab5d') in 0.011162 seconds 
========================================================================
Received Import Request.
  Time since last request: 0.010370 seconds.
  path: Assets/Modern Furniture/Materials/Book Rack/Texture/Base_AO.png
  artifactKey: Guid(59b1cfe0caa047049bbc04c9089f9c51) Importer(815301076,1909f56bfc062723c751e8b465ee728b)
Start importing Assets/Modern Furniture/Materials/Book Rack/Texture/Base_AO.png using Guid(59b1cfe0caa047049bbc04c9089f9c51) Importer(815301076,1909f56bfc062723c751e8b465ee728b)  -> (artifact id: '40fc863de0179ac53157f913230a42d9') in 0.009343 seconds 
========================================================================
Received Import Request.
  Time since last request: 0.596420 seconds.
  path: Assets/Modern Furniture/Materials/Desk/Textures/Base_AO.png
  artifactKey: Guid(b9337eeeae26e234b8082541381d3c59) Importer(815301076,1909f56bfc062723c751e8b465ee728b)
Start importing Assets/Modern Furniture/Materials/Desk/Textures/Base_AO.png using Guid(b9337eeeae26e234b8082541381d3c59) Importer(815301076,1909f56bfc062723c751e8b465ee728b)  -> (artifact id: '26fd45c80a87ecbaa8b69c1b70d7462e') in 0.010204 seconds 
========================================================================
Received Import Request.
  Time since last request: 0.000017 seconds.
  path: Assets/Modern Furniture/Materials/Curve Chair/Texture/Base_AO.png
  artifactKey: Guid(374b19ce381cddd47847970033389465) Importer(815301076,1909f56bfc062723c751e8b465ee728b)
Start importing Assets/Modern Furniture/Materials/Curve Chair/Texture/Base_AO.png using Guid(374b19ce381cddd47847970033389465) Importer(815301076,1909f56bfc062723c751e8b465ee728b)  -> (artifact id: 'f3b6e2d65700e7352ed70fd60b06669c') in 0.010219 seconds 
========================================================================
Received Import Request.
  Time since last request: 0.016501 seconds.
  path: Assets/Modern Furniture/Materials/Single Frame Chair/Textures/Base_AO.png
  artifactKey: Guid(bde1325062a9459488dd1b90106ab4c2) Importer(815301076,1909f56bfc062723c751e8b465ee728b)
Start importing Assets/Modern Furniture/Materials/Single Frame Chair/Textures/Base_AO.png using Guid(bde1325062a9459488dd1b90106ab4c2) Importer(815301076,1909f56bfc062723c751e8b465ee728b)  -> (artifact id: '87ccf942abeec6104f746f1e32360e85') in 0.009458 seconds 
========================================================================
Received Import Request.
  Time since last request: 1.764093 seconds.
  path: Assets/Modern Furniture/Materials/Triangle Chair/Textures/Base_Colour.png
  artifactKey: Guid(b9440b75d5fd0a144aabd87c1fcab643) Importer(815301076,1909f56bfc062723c751e8b465ee728b)
Start importing Assets/Modern Furniture/Materials/Triangle Chair/Textures/Base_Colour.png using Guid(b9440b75d5fd0a144aabd87c1fcab643) Importer(815301076,1909f56bfc062723c751e8b465ee728b)  -> (artifact id: '2301c79057d8329e704205f007def667') in 0.010282 seconds 
========================================================================
Received Import Request.
  Time since last request: 0.000015 seconds.
  path: Assets/Modern Furniture/Materials/Triangle Chair/Textures/Base_Metallic.png
  artifactKey: Guid(cb2aabb326aa5254c9c015c39e5bf001) Importer(815301076,1909f56bfc062723c751e8b465ee728b)
Start importing Assets/Modern Furniture/Materials/Triangle Chair/Textures/Base_Metallic.png using Guid(cb2aabb326aa5254c9c015c39e5bf001) Importer(815301076,1909f56bfc062723c751e8b465ee728b)  -> (artifact id: '4c604b9129c7c253aa4479f0de228c9c') in 0.009318 seconds 
========================================================================
Received Import Request.
  Time since last request: 0.000018 seconds.
  path: Assets/Modern Furniture/Materials/CoffeeTable/Textures/Base_Metallic.png
  artifactKey: Guid(74dd4256844b2e24eb9bdf313c1beffe) Importer(815301076,1909f56bfc062723c751e8b465ee728b)
Start importing Assets/Modern Furniture/Materials/CoffeeTable/Textures/Base_Metallic.png using Guid(74dd4256844b2e24eb9bdf313c1beffe) Importer(815301076,1909f56bfc062723c751e8b465ee728b)  -> (artifact id: '86d45e887f8fd8a70f092cbdbb1932ba') in 0.005623 seconds 
========================================================================
Received Import Request.
  Time since last request: 0.000015 seconds.
  path: Assets/Modern Furniture/Materials/Curve Table/Textures/Base_Metallic.png
  artifactKey: Guid(8fd4cb7ea170f3c428726d91a06100d5) Importer(815301076,1909f56bfc062723c751e8b465ee728b)
Start importing Assets/Modern Furniture/Materials/Curve Table/Textures/Base_Metallic.png using Guid(8fd4cb7ea170f3c428726d91a06100d5) Importer(815301076,1909f56bfc062723c751e8b465ee728b)  -> (artifact id: 'd7f358702363c7ea5db223e5242503b9') in 0.008926 seconds 
========================================================================
Received Import Request.
  Time since last request: 0.000017 seconds.
  path: Assets/Modern Furniture/Materials/Round Table/Textures/BottomMetal_AO.png
  artifactKey: Guid(7a3e2c9e869cfa444bdc64c18e8aa205) Importer(815301076,1909f56bfc062723c751e8b465ee728b)
Start importing Assets/Modern Furniture/Materials/Round Table/Textures/BottomMetal_AO.png using Guid(7a3e2c9e869cfa444bdc64c18e8aa205) Importer(815301076,1909f56bfc062723c751e8b465ee728b)  -> (artifact id: '0687e444782ee32cb3b5a582dbea3d5d') in 0.011727 seconds 
========================================================================
Received Import Request.
  Time since last request: 0.000016 seconds.
  path: Assets/Modern Furniture/Materials/Round Table/Textures/BottomMetal_Metallic.png
  artifactKey: Guid(70cb7054cd5a247489244df903b2e560) Importer(815301076,1909f56bfc062723c751e8b465ee728b)
Start importing Assets/Modern Furniture/Materials/Round Table/Textures/BottomMetal_Metallic.png using Guid(70cb7054cd5a247489244df903b2e560) Importer(815301076,1909f56bfc062723c751e8b465ee728b)  -> (artifact id: 'ebf0eb49ecdbc8bc92b6574fe6499e94') in 0.012565 seconds 
========================================================================
Received Import Request.
  Time since last request: 0.000031 seconds.
  path: Assets/Modern Furniture/Prefabs/Source/Materials/Glass.001.mat
  artifactKey: Guid(d8dded035a319914d85632db4a971bda) Importer(815301076,1909f56bfc062723c751e8b465ee728b)
Start importing Assets/Modern Furniture/Prefabs/Source/Materials/Glass.001.mat using Guid(d8dded035a319914d85632db4a971bda) Importer(815301076,1909f56bfc062723c751e8b465ee728b)  -> (artifact id: '18321e8c740f41a0a428dd6055334698') in 0.008207 seconds 
========================================================================
Received Import Request.
  Time since last request: 0.000015 seconds.
  path: Assets/XR/Settings/Oculus Settings.asset
  artifactKey: Guid(bfa1182bd221b4ca89619141f66f1260) Importer(815301076,1909f56bfc062723c751e8b465ee728b)
Start importing Assets/XR/Settings/Oculus Settings.asset using Guid(bfa1182bd221b4ca89619141f66f1260) Importer(815301076,1909f56bfc062723c751e8b465ee728b)  -> (artifact id: '07ce22aade1e08a2c5050de5b8626150') in 0.005455 seconds 
========================================================================
Received Import Request.
  Time since last request: 0.000016 seconds.
  path: Assets/Modern Furniture/Materials/Round Table/BottomMetal.mat
  artifactKey: Guid(78eae41be9d2e3648b65751a8de4cc31) Importer(815301076,1909f56bfc062723c751e8b465ee728b)
Start importing Assets/Modern Furniture/Materials/Round Table/BottomMetal.mat using Guid(78eae41be9d2e3648b65751a8de4cc31) Importer(815301076,1909f56bfc062723c751e8b465ee728b)  -> (artifact id: 'e43865a0f41a7e56a4c5b7f2354cb1c4') in 0.020746 seconds 
========================================================================
Received Import Request.
  Time since last request: 0.000017 seconds.
  path: Assets/Modern Furniture/Materials/Round Table/Textures/TopMetal_Colour.png
  artifactKey: Guid(b172133222c21734cb2dfbad18851af4) Importer(815301076,1909f56bfc062723c751e8b465ee728b)
Start importing Assets/Modern Furniture/Materials/Round Table/Textures/TopMetal_Colour.png using Guid(b172133222c21734cb2dfbad18851af4) Importer(815301076,1909f56bfc062723c751e8b465ee728b)  -> (artifact id: '006bf22f0da9a4e9ffce19c02fc4c93d') in 0.009223 seconds 
========================================================================
Received Import Request.
  Time since last request: 0.000018 seconds.
  path: Assets/Modern Furniture/Materials/Rock Style Table/Textures/Top_Metallic.png
  artifactKey: Guid(0c1bc30fa0646cc4bb1ed7144ae9d742) Importer(815301076,1909f56bfc062723c751e8b465ee728b)
Start importing Assets/Modern Furniture/Materials/Rock Style Table/Textures/Top_Metallic.png using Guid(0c1bc30fa0646cc4bb1ed7144ae9d742) Importer(815301076,1909f56bfc062723c751e8b465ee728b)  -> (artifact id: 'e13a53f44a823fd975b0aad4a470c200') in 0.011167 seconds 
========================================================================
Received Import Request.
  Time since last request: 0.000015 seconds.
  path: Assets/Modern Furniture/Materials/Desk/Textures/Base_Metallic.png
  artifactKey: Guid(3ec820b622790f444ab212df954ddc4c) Importer(815301076,1909f56bfc062723c751e8b465ee728b)
Start importing Assets/Modern Furniture/Materials/Desk/Textures/Base_Metallic.png using Guid(3ec820b622790f444ab212df954ddc4c) Importer(815301076,1909f56bfc062723c751e8b465ee728b)  -> (artifact id: '839d60811cfa0c18c8010cdd75db9467') in 0.006904 seconds 
========================================================================
Received Import Request.
  Time since last request: 0.000017 seconds.
  path: Assets/EffectExamples/WeaponEffects/Models/Materials/No Name.mat
  artifactKey: Guid(547f2e9db866947dabf6f55d8673905d) Importer(815301076,1909f56bfc062723c751e8b465ee728b)
Start importing Assets/EffectExamples/WeaponEffects/Models/Materials/No Name.mat using Guid(547f2e9db866947dabf6f55d8673905d) Importer(815301076,1909f56bfc062723c751e8b465ee728b)  -> (artifact id: '4e1f8fbd509f6740094a7ca093200cb3') in 0.071448 seconds 
========================================================================
Received Import Request.
  Time since last request: 0.000039 seconds.
  path: Assets/Modern Furniture/Materials/CoffeeTable/Textures/Base_Height.png
  artifactKey: Guid(3c810e0489e13714daa98f377126c93c) Importer(815301076,1909f56bfc062723c751e8b465ee728b)
Start importing Assets/Modern Furniture/Materials/CoffeeTable/Textures/Base_Height.png using Guid(3c810e0489e13714daa98f377126c93c) Importer(815301076,1909f56bfc062723c751e8b465ee728b)  -> (artifact id: 'ee0ed72ecc5607eb88bfccd844d0c53e') in 0.011459 seconds 
========================================================================
Received Import Request.
  Time since last request: 0.000026 seconds.
  path: Assets/Modern Furniture/Materials/Curve Table/Textures/Glass_AO.png
  artifactKey: Guid(5d0edd399332bc148b14f56a24750c7a) Importer(815301076,1909f56bfc062723c751e8b465ee728b)
Start importing Assets/Modern Furniture/Materials/Curve Table/Textures/Glass_AO.png using Guid(5d0edd399332bc148b14f56a24750c7a) Importer(815301076,1909f56bfc062723c751e8b465ee728b)  -> (artifact id: 'e576997c72bfac52fd8d61d5f77e9096') in 0.010957 seconds 
========================================================================
Received Import Request.
  Time since last request: 0.000022 seconds.
  path: Assets/Modern Furniture/Materials/Triangle Chair/Textures/Base_HeightMap.png
  artifactKey: Guid(3ead5d27b70dd0f4f8c15ac536744081) Importer(815301076,1909f56bfc062723c751e8b465ee728b)
Start importing Assets/Modern Furniture/Materials/Triangle Chair/Textures/Base_HeightMap.png using Guid(3ead5d27b70dd0f4f8c15ac536744081) Importer(815301076,1909f56bfc062723c751e8b465ee728b)  -> (artifact id: 'a46343097c7088d960fdbff7e2998fb4') in 0.007364 seconds 
========================================================================
Received Import Request.
  Time since last request: 0.000017 seconds.
  path: Assets/Modern Furniture/Materials/Book Rack/Texture/Base_Normal.png
  artifactKey: Guid(c2ab712ce8a381b43a960eebe7e8591b) Importer(815301076,1909f56bfc062723c751e8b465ee728b)
Start importing Assets/Modern Furniture/Materials/Book Rack/Texture/Base_Normal.png using Guid(c2ab712ce8a381b43a960eebe7e8591b) Importer(815301076,1909f56bfc062723c751e8b465ee728b)  -> (artifact id: '0dcf2bd3efaf6b779f848830fbc81f34') in 0.010389 seconds 
========================================================================
Received Import Request.
  Time since last request: 0.000017 seconds.
  path: Assets/Modern Furniture/Materials/Curve Table/Textures/Base_Normal.png
  artifactKey: Guid(eec295ddcb536b143823567f36ef85c3) Importer(815301076,1909f56bfc062723c751e8b465ee728b)
Start importing Assets/Modern Furniture/Materials/Curve Table/Textures/Base_Normal.png using Guid(eec295ddcb536b143823567f36ef85c3) Importer(815301076,1909f56bfc062723c751e8b465ee728b)  -> (artifact id: 'daaa6814945e6d096ce5356cc4cfc73b') in 0.007926 seconds 
========================================================================
Received Import Request.
  Time since last request: 0.000018 seconds.
  path: Assets/Modern Furniture/Materials/Desk/DeskBase.mat
  artifactKey: Guid(62c69b757dee34d479799e0f201c9411) Importer(815301076,1909f56bfc062723c751e8b465ee728b)
Start importing Assets/Modern Furniture/Materials/Desk/DeskBase.mat using Guid(62c69b757dee34d479799e0f201c9411) Importer(815301076,1909f56bfc062723c751e8b465ee728b)  -> (artifact id: '12e226cd3f49eb055170375708cf34b7') in 0.013239 seconds 
========================================================================
Received Import Request.
  Time since last request: 0.000019 seconds.
  path: Assets/XR/Loaders/Oculus Loader.asset
  artifactKey: Guid(eb6d337c1678a97408eb0481002d9ae2) Importer(815301076,1909f56bfc062723c751e8b465ee728b)
Start importing Assets/XR/Loaders/Oculus Loader.asset using Guid(eb6d337c1678a97408eb0481002d9ae2) Importer(815301076,1909f56bfc062723c751e8b465ee728b)  -> (artifact id: '223044cd83ce018108db696f7fbefca3') in 0.004455 seconds 
========================================================================
Received Import Request.
  Time since last request: 0.000016 seconds.
  path: Assets/EffectExamples/WaterEffects/Models/WaterFaucet.FBX
  artifactKey: Guid(3cd30427c314b904d8bc315f84506731) Importer(815301076,1909f56bfc062723c751e8b465ee728b)
Start importing Assets/EffectExamples/WaterEffects/Models/WaterFaucet.FBX using Guid(3cd30427c314b904d8bc315f84506731) Importer(815301076,1909f56bfc062723c751e8b465ee728b)  -> (artifact id: '3418a0876ed6ab7bd2699428992fdcb6') in 0.009797 seconds 
========================================================================
Received Import Request.
  Time since last request: 0.000015 seconds.
  path: Assets/EffectExamples/WaterEffects/Prefabs/WaterfallEffect.prefab
  artifactKey: Guid(8edb62778d3ea1e489bc191b81b2fc46) Importer(815301076,1909f56bfc062723c751e8b465ee728b)
Start importing Assets/EffectExamples/WaterEffects/Prefabs/WaterfallEffect.prefab using Guid(8edb62778d3ea1e489bc191b81b2fc46) Importer(815301076,1909f56bfc062723c751e8b465ee728b)  -> (artifact id: 'f2ecd7427d32ef2c21432472df2ca7c4') in 0.030576 seconds 
========================================================================
Received Import Request.
  Time since last request: 0.000018 seconds.
  path: Assets/Modern Furniture/Materials/Single Frame Chair/Textures/Base_Metallic.png
  artifactKey: Guid(33bdaf55ac2d3214e8680fbc52614531) Importer(815301076,1909f56bfc062723c751e8b465ee728b)
Start importing Assets/Modern Furniture/Materials/Single Frame Chair/Textures/Base_Metallic.png using Guid(33bdaf55ac2d3214e8680fbc52614531) Importer(815301076,1909f56bfc062723c751e8b465ee728b)  -> (artifact id: '6e2e78e28075213db9811177475a7c82') in 0.004852 seconds 
========================================================================
Received Import Request.
  Time since last request: 0.000017 seconds.
  path: Assets/цвет/New Material 2.mat
  artifactKey: Guid(ba8d407320cb90544b5b78ca2c7d05f1) Importer(815301076,1909f56bfc062723c751e8b465ee728b)
Start importing Assets/цвет/New Material 2.mat using Guid(ba8d407320cb90544b5b78ca2c7d05f1) Importer(815301076,1909f56bfc062723c751e8b465ee728b)  -> (artifact id: '492d5748a7e1b8bff14dd65c6fce7c1b') in 0.007577 seconds 
========================================================================
Received Import Request.
  Time since last request: 0.000016 seconds.
  path: Assets/Modern Furniture/Prefabs/Source/Materials/Glass.mat
  artifactKey: Guid(ff20ce35af2435842add6c54036d9867) Importer(815301076,1909f56bfc062723c751e8b465ee728b)
Start importing Assets/Modern Furniture/Prefabs/Source/Materials/Glass.mat using Guid(ff20ce35af2435842add6c54036d9867) Importer(815301076,1909f56bfc062723c751e8b465ee728b)  -> (artifact id: '5bb90e3bf219225e3473d202aa7d99c2') in 0.007353 seconds 
========================================================================
Received Import Request.
  Time since last request: 0.000015 seconds.
  path: Assets/Modern Furniture/Materials/Triangle Chair/Textures/Seat_Colour.png
  artifactKey: Guid(ba119af261b3e2149b3036bc6e1c7dc7) Importer(815301076,1909f56bfc062723c751e8b465ee728b)
Start importing Assets/Modern Furniture/Materials/Triangle Chair/Textures/Seat_Colour.png using Guid(ba119af261b3e2149b3036bc6e1c7dc7) Importer(815301076,1909f56bfc062723c751e8b465ee728b)  -> (artifact id: 'db271443cca3151518c98571bbd8d567') in 0.009430 seconds 
========================================================================
Received Import Request.
  Time since last request: 0.000017 seconds.
  path: Assets/Modern Furniture/Materials/Curve Chair/Texture/Base_Normal.png
  artifactKey: Guid(5bbe7d1cbcf08bd4ab2354159bb71758) Importer(815301076,1909f56bfc062723c751e8b465ee728b)
Start importing Assets/Modern Furniture/Materials/Curve Chair/Texture/Base_Normal.png using Guid(5bbe7d1cbcf08bd4ab2354159bb71758) Importer(815301076,1909f56bfc062723c751e8b465ee728b)  -> (artifact id: '0bb090d9bfc5bb6479ca938aae2e11e8') in 0.008029 seconds 
========================================================================
Received Import Request.
  Time since last request: 0.000020 seconds.
  path: Assets/Modern Furniture/Materials/Round Table/Textures/TopMetal_AO.png
  artifactKey: Guid(e99a5f65a3766bb4eaad453cbfa55994) Importer(815301076,1909f56bfc062723c751e8b465ee728b)
Start importing Assets/Modern Furniture/Materials/Round Table/Textures/TopMetal_AO.png using Guid(e99a5f65a3766bb4eaad453cbfa55994) Importer(815301076,1909f56bfc062723c751e8b465ee728b)  -> (artifact id: '917eac1f44d348e90c07b40d4ae38acb') in 0.008307 seconds 
========================================================================
Received Import Request.
  Time since last request: 0.000017 seconds.
  path: Assets/Modern Furniture/Materials/CoffeeTable/Textures/Glass_AO.png
  artifactKey: Guid(2afca38ecfbd22648bfcefc61651ec39) Importer(815301076,1909f56bfc062723c751e8b465ee728b)
Start importing Assets/Modern Furniture/Materials/CoffeeTable/Textures/Glass_AO.png using Guid(2afca38ecfbd22648bfcefc61651ec39) Importer(815301076,1909f56bfc062723c751e8b465ee728b)  -> (artifact id: 'adccb3488e23eb7ceb1a0e23f18aa971') in 0.007165 seconds 
========================================================================
Received Import Request.
  Time since last request: 0.000017 seconds.
  path: Assets/Modern Furniture/Materials/Single Frame Chair/Textures/Base_Normal.png
  artifactKey: Guid(7adb7c65590698249b1ec2f3e62e081a) Importer(815301076,1909f56bfc062723c751e8b465ee728b)
Start importing Assets/Modern Furniture/Materials/Single Frame Chair/Textures/Base_Normal.png using Guid(7adb7c65590698249b1ec2f3e62e081a) Importer(815301076,1909f56bfc062723c751e8b465ee728b)  -> (artifact id: '6f6529113d53e6033a1f1737c5859e4a') in 0.009053 seconds 
========================================================================
Received Import Request.
  Time since last request: 0.000036 seconds.
  path: Assets/Modern Furniture/Prefabs/Source/Desk.fbx
  artifactKey: Guid(ef263ec398638d44c87a4545d834190f) Importer(815301076,1909f56bfc062723c751e8b465ee728b)
Start importing Assets/Modern Furniture/Prefabs/Source/Desk.fbx using Guid(ef263ec398638d44c87a4545d834190f) Importer(815301076,1909f56bfc062723c751e8b465ee728b)  -> (artifact id: 'e54f8db829e1156883707e1280bb3712') in 0.026043 seconds 
========================================================================
Received Import Request.
  Time since last request: 0.000023 seconds.
  path: Assets/EffectExamples/Shared/Models/Materials/No Name.mat
  artifactKey: Guid(451ddf5f145f097438c920eb68fc6397) Importer(815301076,1909f56bfc062723c751e8b465ee728b)
Start importing Assets/EffectExamples/Shared/Models/Materials/No Name.mat using Guid(451ddf5f145f097438c920eb68fc6397) Importer(815301076,1909f56bfc062723c751e8b465ee728b)  -> (artifact id: '6537818ac0c17ebad2dfb07e5a6f8c51') in 0.008138 seconds 
========================================================================
Received Import Request.
  Time since last request: 0.000013 seconds.
  path: Assets/Modern Furniture/Prefabs/Source/Materials/TopMetal.mat
  artifactKey: Guid(b42c482341e58ea41aaf477d968b38d0) Importer(815301076,1909f56bfc062723c751e8b465ee728b)
Start importing Assets/Modern Furniture/Prefabs/Source/Materials/TopMetal.mat using Guid(b42c482341e58ea41aaf477d968b38d0) Importer(815301076,1909f56bfc062723c751e8b465ee728b)  -> (artifact id: 'ae7cf82594f407b387d5f7f8ee654bd3') in 0.006662 seconds 
========================================================================
Received Import Request.
  Time since last request: 0.000014 seconds.
  path: Assets/Modern Furniture/Materials/Lamp/Textures/Base_Colour.png
  artifactKey: Guid(ba1e796ee5a01394da473856c75c7c7e) Importer(815301076,1909f56bfc062723c751e8b465ee728b)
Start importing Assets/Modern Furniture/Materials/Lamp/Textures/Base_Colour.png using Guid(ba1e796ee5a01394da473856c75c7c7e) Importer(815301076,1909f56bfc062723c751e8b465ee728b)  -> (artifact id: '8609980a74bc84b6b4a568ebd97a1f86') in 0.007515 seconds 
========================================================================
Received Import Request.
  Time since last request: 0.000016 seconds.
  path: Assets/Modern Furniture/Materials/CoffeeTable/Textures/Glass_Colour.png
  artifactKey: Guid(64bc32bd28e661d4ea2d0c91f51c31b4) Importer(815301076,1909f56bfc062723c751e8b465ee728b)
Start importing Assets/Modern Furniture/Materials/CoffeeTable/Textures/Glass_Colour.png using Guid(64bc32bd28e661d4ea2d0c91f51c31b4) Importer(815301076,1909f56bfc062723c751e8b465ee728b)  -> (artifact id: '53fc86738ac7f79e78df451a82760f3c') in 0.009133 seconds 
========================================================================
Received Import Request.
  Time since last request: 0.000014 seconds.
  path: Assets/EffectExamples/Shared/Models/Materials/MazeLowMan.mat
  artifactKey: Guid(d695529081158d44f84e349bd501fde6) Importer(815301076,1909f56bfc062723c751e8b465ee728b)
Start importing Assets/EffectExamples/Shared/Models/Materials/MazeLowMan.mat using Guid(d695529081158d44f84e349bd501fde6) Importer(815301076,1909f56bfc062723c751e8b465ee728b)  -> (artifact id: 'f69c902d3120d4b745fc8c8a22ef86af') in 0.008311 seconds 
========================================================================
Received Import Request.
  Time since last request: 0.000018 seconds.
  path: Assets/Modern Furniture/Prefabs/Source/Materials/Glass.002.mat
  artifactKey: Guid(c8c38de813fcfee4fb3e0ee964e05da9) Importer(815301076,1909f56bfc062723c751e8b465ee728b)
Start importing Assets/Modern Furniture/Prefabs/Source/Materials/Glass.002.mat using Guid(c8c38de813fcfee4fb3e0ee964e05da9) Importer(815301076,1909f56bfc062723c751e8b465ee728b)  -> (artifact id: '9433cff02a2e2524a784b399fd5fefd3') in 0.007733 seconds 
========================================================================
Received Import Request.
  Time since last request: 0.000015 seconds.
  path: Assets/EffectExamples/WaterEffects/Materials/WaterDropParticle.mat
  artifactKey: Guid(760cb38a22b22154790d1a62e76c087e) Importer(815301076,1909f56bfc062723c751e8b465ee728b)
Start importing Assets/EffectExamples/WaterEffects/Materials/WaterDropParticle.mat using Guid(760cb38a22b22154790d1a62e76c087e) Importer(815301076,1909f56bfc062723c751e8b465ee728b)  -> (artifact id: '0212cd3855b3474c5a1096203b5c9f00') in 0.006573 seconds 
========================================================================
Received Import Request.
  Time since last request: 0.000016 seconds.
  path: Assets/Modern Furniture/Materials/Curve Chair/Texture/Base_HeightMap.png
  artifactKey: Guid(4d327f6229e6ba54ebf67d0389df878f) Importer(815301076,1909f56bfc062723c751e8b465ee728b)
Start importing Assets/Modern Furniture/Materials/Curve Chair/Texture/Base_HeightMap.png using Guid(4d327f6229e6ba54ebf67d0389df878f) Importer(815301076,1909f56bfc062723c751e8b465ee728b)  -> (artifact id: '5703db221624c5822db769bbf70cde7f') in 0.007145 seconds 
========================================================================
Received Import Request.
  Time since last request: 0.000014 seconds.
  path: Assets/Modern Furniture/Materials/Round Table/Glass.mat
  artifactKey: Guid(12b0ac5f58dd62748a23449e199f0b83) Importer(815301076,1909f56bfc062723c751e8b465ee728b)
Start importing Assets/Modern Furniture/Materials/Round Table/Glass.mat using Guid(12b0ac5f58dd62748a23449e199f0b83) Importer(815301076,1909f56bfc062723c751e8b465ee728b)  -> (artifact id: '333de2c42bd3b19f612ba5ba1e763ce0') in 0.181192 seconds 
========================================================================
Received Import Request.
  Time since last request: 0.000022 seconds.
  path: Assets/EffectExamples/Misc Effects/Textures/DustMoteParticle.png
  artifactKey: Guid(394e93ce356b57344903a08ff72fcab2) Importer(815301076,1909f56bfc062723c751e8b465ee728b)
Start importing Assets/EffectExamples/Misc Effects/Textures/DustMoteParticle.png using Guid(394e93ce356b57344903a08ff72fcab2) Importer(815301076,1909f56bfc062723c751e8b465ee728b)  -> (artifact id: '6acfa2e5fcb658e46a8629a2576c9abf') in 0.018473 seconds 
========================================================================
Received Import Request.
  Time since last request: 0.000026 seconds.
  path: Assets/FreeLabAssets/Prefabs/Flask_02.prefab
  artifactKey: Guid(f5ce0121a3a3c496f800967d31cc8950) Importer(815301076,1909f56bfc062723c751e8b465ee728b)
Start importing Assets/FreeLabAssets/Prefabs/Flask_02.prefab using Guid(f5ce0121a3a3c496f800967d31cc8950) Importer(815301076,1909f56bfc062723c751e8b465ee728b)  -> (artifact id: '70c6d7758c419a52eaccb994aeb97902') in 0.153350 seconds 
========================================================================
Received Import Request.
  Time since last request: 0.000016 seconds.
  path: Assets/FreeLabAssets/Prefabs/Flask_01.prefab
  artifactKey: Guid(2673d10920a9a4e1e8ea3928e8e90043) Importer(815301076,1909f56bfc062723c751e8b465ee728b)
Start importing Assets/FreeLabAssets/Prefabs/Flask_01.prefab using Guid(2673d10920a9a4e1e8ea3928e8e90043) Importer(815301076,1909f56bfc062723c751e8b465ee728b)  -> (artifact id: 'c5806cad898020bddc4f35a42236cda1') in 0.127379 seconds 
========================================================================
Received Import Request.
  Time since last request: 0.000017 seconds.
  path: Assets/ExampleAssets/Tutorial/Images/project-header-vr.png
  artifactKey: Guid(6eaf09dd6cc8a49708bf60691e32bebf) Importer(815301076,1909f56bfc062723c751e8b465ee728b)
Start importing Assets/ExampleAssets/Tutorial/Images/project-header-vr.png using Guid(6eaf09dd6cc8a49708bf60691e32bebf) Importer(815301076,1909f56bfc062723c751e8b465ee728b)  -> (artifact id: 'd6ade5bb66a8b120b3908447587d4349') in 0.009113 seconds 
========================================================================
Received Import Request.
  Time since last request: 0.000022 seconds.
  path: Assets/Modern Furniture/Materials/Desk/Textures/Drawer_Normal.png
  artifactKey: Guid(d0c409ea2579a924b8495a12d7584fe8) Importer(815301076,1909f56bfc062723c751e8b465ee728b)
Start importing Assets/Modern Furniture/Materials/Desk/Textures/Drawer_Normal.png using Guid(d0c409ea2579a924b8495a12d7584fe8) Importer(815301076,1909f56bfc062723c751e8b465ee728b)  -> (artifact id: 'bc7729811c0396bfd446bd07a428472b') in 0.008699 seconds 
========================================================================
Received Import Request.
  Time since last request: 0.000016 seconds.
  path: Assets/Modern Furniture/Prefabs/Source/Curve Table.fbx
  artifactKey: Guid(ab9cc9a877c4ba7488990cba15628552) Importer(815301076,1909f56bfc062723c751e8b465ee728b)
Start importing Assets/Modern Furniture/Prefabs/Source/Curve Table.fbx using Guid(ab9cc9a877c4ba7488990cba15628552) Importer(815301076,1909f56bfc062723c751e8b465ee728b)  -> (artifact id: '84a8fd3b18665c4108255e3386292e35') in 0.011697 seconds 
========================================================================
Received Import Request.
  Time since last request: 0.000014 seconds.
  path: Assets/EffectExamples/WaterEffects/Textures/CloudsParticleNormals.tif
  artifactKey: Guid(aa748bb25f802de4fb3622d6963a538e) Importer(815301076,1909f56bfc062723c751e8b465ee728b)
Start importing Assets/EffectExamples/WaterEffects/Textures/CloudsParticleNormals.tif using Guid(aa748bb25f802de4fb3622d6963a538e) Importer(815301076,1909f56bfc062723c751e8b465ee728b)  -> (artifact id: 'f1810fc0d99eace6c7116916e7a2f9c5') in 0.007358 seconds 
========================================================================
Received Import Request.
  Time since last request: 0.000014 seconds.
  path: Assets/Modern Furniture/Prefabs/Source/Materials/Chair.mat
  artifactKey: Guid(727248108839de446904eb8b38f51382) Importer(815301076,1909f56bfc062723c751e8b465ee728b)
Start importing Assets/Modern Furniture/Prefabs/Source/Materials/Chair.mat using Guid(727248108839de446904eb8b38f51382) Importer(815301076,1909f56bfc062723c751e8b465ee728b)  -> (artifact id: '5759efc5783598fc69fdb214367b1f87') in 0.007538 seconds 
========================================================================
Received Import Request.
  Time since last request: 0.000022 seconds.
  path: Assets/Modern Furniture/Prefabs/Source/Materials/SingleChair Trim.mat
  artifactKey: Guid(3516a421a3f613d49bd86164a34df011) Importer(815301076,1909f56bfc062723c751e8b465ee728b)
Start importing Assets/Modern Furniture/Prefabs/Source/Materials/SingleChair Trim.mat using Guid(3516a421a3f613d49bd86164a34df011) Importer(815301076,1909f56bfc062723c751e8b465ee728b)  -> (artifact id: 'f569e23c8174363051706c91a6e347a4') in 0.008281 seconds 
========================================================================
Received Import Request.
  Time since last request: 0.000016 seconds.
  path: Assets/EffectExamples/WeaponEffects/Prefabs/CartridgeEjectEffect.prefab
  artifactKey: Guid(7ca96822084510147adb2aea03d45e3b) Importer(815301076,1909f56bfc062723c751e8b465ee728b)
Start importing Assets/EffectExamples/WeaponEffects/Prefabs/CartridgeEjectEffect.prefab using Guid(7ca96822084510147adb2aea03d45e3b) Importer(815301076,1909f56bfc062723c751e8b465ee728b)  -> (artifact id: '430cd66980ebe79fdf4a64bd73bd2472') in 0.098964 seconds 
========================================================================
Received Import Request.
  Time since last request: 0.000015 seconds.
  path: Assets/Modern Furniture/Materials/Rock Style Table/Textures/Top_HeightMap.png
  artifactKey: Guid(92ab0bb346dca1f45a1740f92f632142) Importer(815301076,1909f56bfc062723c751e8b465ee728b)
Start importing Assets/Modern Furniture/Materials/Rock Style Table/Textures/Top_HeightMap.png using Guid(92ab0bb346dca1f45a1740f92f632142) Importer(815301076,1909f56bfc062723c751e8b465ee728b)  -> (artifact id: '75ed0a73269b4593928ffb8a284e766a') in 0.008521 seconds 
========================================================================
Received Import Request.
  Time since last request: 0.000021 seconds.
  path: Assets/EffectExamples/FireExplosionEffects/Prefabs/DrippingFlames.prefab
  artifactKey: Guid(ce4133109fd2cb7469faad8e7c4307a4) Importer(815301076,1909f56bfc062723c751e8b465ee728b)
Start importing Assets/EffectExamples/FireExplosionEffects/Prefabs/DrippingFlames.prefab using Guid(ce4133109fd2cb7469faad8e7c4307a4) Importer(815301076,1909f56bfc062723c751e8b465ee728b)  -> (artifact id: '8e8eb66a8e5da910c3ec15af49674da8') in 0.181857 seconds 
========================================================================
Received Import Request.
  Time since last request: 0.000020 seconds.
  path: Assets/EffectExamples/WaterEffects/Textures/CloudsParticleSheet.tif
  artifactKey: Guid(f0f137a9e20dd82448c39df561615d24) Importer(815301076,1909f56bfc062723c751e8b465ee728b)
Start importing Assets/EffectExamples/WaterEffects/Textures/CloudsParticleSheet.tif using Guid(f0f137a9e20dd82448c39df561615d24) Importer(815301076,1909f56bfc062723c751e8b465ee728b)  -> (artifact id: '336fef96e82bdc6165bee253a3e79b86') in 0.007926 seconds 
========================================================================
Received Import Request.
  Time since last request: 0.000021 seconds.
  path: Assets/EffectExamples/WaterEffects/Materials/WaterTrailParticle.mat
  artifactKey: Guid(2cf2d564c8b1c7a469f8711c96c0efaa) Importer(815301076,1909f56bfc062723c751e8b465ee728b)
Start importing Assets/EffectExamples/WaterEffects/Materials/WaterTrailParticle.mat using Guid(2cf2d564c8b1c7a469f8711c96c0efaa) Importer(815301076,1909f56bfc062723c751e8b465ee728b)  -> (artifact id: '3e78f2ca53aaac5cf6ebc63cbd66b3f3') in 0.007250 seconds 
========================================================================
Received Import Request.
  Time since last request: 0.000018 seconds.
  path: Assets/EffectExamples/Blood/Materials/BloodSplatParticle.mat
  artifactKey: Guid(3ea2e59d181ffce4e97d5d1d07a22c05) Importer(815301076,1909f56bfc062723c751e8b465ee728b)
Start importing Assets/EffectExamples/Blood/Materials/BloodSplatParticle.mat using Guid(3ea2e59d181ffce4e97d5d1d07a22c05) Importer(815301076,1909f56bfc062723c751e8b465ee728b)  -> (artifact id: '42a56b9bdd7cf3c565c610c71b273c21') in 0.154235 seconds 
========================================================================
Received Import Request.
  Time since last request: 0.000017 seconds.
  path: Assets/FreeLabAssets/Models/Funnel.fbx
  artifactKey: Guid(73251f8877e2a4f9a92001331cce1e42) Importer(815301076,1909f56bfc062723c751e8b465ee728b)
Start importing Assets/FreeLabAssets/Models/Funnel.fbx using Guid(73251f8877e2a4f9a92001331cce1e42) Importer(815301076,1909f56bfc062723c751e8b465ee728b)  -> (artifact id: '60a8e479dbe0d8a18bd38cc041660159') in 0.009266 seconds 
========================================================================
Received Import Request.
  Time since last request: 0.000014 seconds.
  path: Assets/EffectExamples/WeaponEffects/Textures/WaterDropsParticle.tif
  artifactKey: Guid(2ed1fb2461447634dab88e4180196c3e) Importer(815301076,1909f56bfc062723c751e8b465ee728b)
Start importing Assets/EffectExamples/WeaponEffects/Textures/WaterDropsParticle.tif using Guid(2ed1fb2461447634dab88e4180196c3e) Importer(815301076,1909f56bfc062723c751e8b465ee728b)  -> (artifact id: '388b285cad1811bc82c5a7cb3567de0d') in 0.006683 seconds 
========================================================================
Received Import Request.
  Time since last request: 0.000016 seconds.
  path: Assets/EffectExamples/Shared/PhysicsMaterials/Wood.physicMaterial
  artifactKey: Guid(0151b31279cbbe64db23577e9163731a) Importer(815301076,1909f56bfc062723c751e8b465ee728b)
Start importing Assets/EffectExamples/Shared/PhysicsMaterials/Wood.physicMaterial using Guid(0151b31279cbbe64db23577e9163731a) Importer(815301076,1909f56bfc062723c751e8b465ee728b)  -> (artifact id: 'a17a05b497324a03fe5bf1fe90b0f16a') in 0.002500 seconds 
========================================================================
Received Import Request.
  Time since last request: 0.000016 seconds.
  path: Assets/Modern Furniture/Materials/Curve Table/Glass.mat
  artifactKey: Guid(1ab0e902faad0594eafcfd1e672ff516) Importer(815301076,1909f56bfc062723c751e8b465ee728b)
Start importing Assets/Modern Furniture/Materials/Curve Table/Glass.mat using Guid(1ab0e902faad0594eafcfd1e672ff516) Importer(815301076,1909f56bfc062723c751e8b465ee728b)  -> (artifact id: '74207b689feb5944608e910872770c77') in 0.015370 seconds 
========================================================================
Received Import Request.
  Time since last request: 0.000016 seconds.
  path: Assets/ExampleAssets/Models/XRControllerRight.fbx
  artifactKey: Guid(2d10b9b89f2474de9800b152c3d00004) Importer(815301076,1909f56bfc062723c751e8b465ee728b)
Start importing Assets/ExampleAssets/Models/XRControllerRight.fbx using Guid(2d10b9b89f2474de9800b152c3d00004) Importer(815301076,1909f56bfc062723c751e8b465ee728b)  -> (artifact id: '7867fddad8ef5f2c69b1ba6ce92c929b') in 0.041633 seconds 
========================================================================
Received Import Request.
  Time since last request: 0.000023 seconds.
  path: Assets/EffectExamples/Shared/Textures/wood_tiled_02_n.tif
  artifactKey: Guid(43cfa3b308732c941a0fbb4334ecefcc) Importer(815301076,1909f56bfc062723c751e8b465ee728b)
Start importing Assets/EffectExamples/Shared/Textures/wood_tiled_02_n.tif using Guid(43cfa3b308732c941a0fbb4334ecefcc) Importer(815301076,1909f56bfc062723c751e8b465ee728b)  -> (artifact id: 'fb5b20290bc20dc7a6059028f6dc2260') in 0.010916 seconds 
========================================================================
Received Import Request.
  Time since last request: 0.000015 seconds.
  path: Assets/FreeLabAssets/Materials/New Material.mat
  artifactKey: Guid(501bb4cd45972234a8fc396335d18ec4) Importer(815301076,1909f56bfc062723c751e8b465ee728b)
Start importing Assets/FreeLabAssets/Materials/New Material.mat using Guid(501bb4cd45972234a8fc396335d18ec4) Importer(815301076,1909f56bfc062723c751e8b465ee728b)  -> (artifact id: 'e15c4a16649e9d3c8f86ea62e96b95b0') in 0.153363 seconds 
========================================================================
Received Import Request.
  Time since last request: 0.000014 seconds.
  path: Assets/EffectExamples/WeaponEffects/Materials/Projectile.mat
  artifactKey: Guid(a24a209a6bd187d49929d1a6d40a92ec) Importer(815301076,1909f56bfc062723c751e8b465ee728b)
Start importing Assets/EffectExamples/WeaponEffects/Materials/Projectile.mat using Guid(a24a209a6bd187d49929d1a6d40a92ec) Importer(815301076,1909f56bfc062723c751e8b465ee728b)  -> (artifact id: 'cb02a5fac94676e891a9f5b15da75065') in 0.007284 seconds 
========================================================================
Received Import Request.
  Time since last request: 0.000017 seconds.
  path: Assets/EffectExamples/Shared/Textures/CloudsNormals.tif
  artifactKey: Guid(8806362d7e9ad5141b23999ce01adc8c) Importer(815301076,1909f56bfc062723c751e8b465ee728b)
Start importing Assets/EffectExamples/Shared/Textures/CloudsNormals.tif using Guid(8806362d7e9ad5141b23999ce01adc8c) Importer(815301076,1909f56bfc062723c751e8b465ee728b)  -> (artifact id: 'c1da348bb1db2c683af44b89b05b2bf1') in 0.008449 seconds 
========================================================================
Received Import Request.
  Time since last request: 0.000039 seconds.
  path: Assets/Modern Furniture/Prefabs/Source/Materials/SingleChair.mat
  artifactKey: Guid(659284ce22e3c424e84b4c571575ed25) Importer(815301076,1909f56bfc062723c751e8b465ee728b)
Start importing Assets/Modern Furniture/Prefabs/Source/Materials/SingleChair.mat using Guid(659284ce22e3c424e84b4c571575ed25) Importer(815301076,1909f56bfc062723c751e8b465ee728b)  -> (artifact id: '92626225bfc953861e521de037532c8d') in 0.007502 seconds 
========================================================================
Received Import Request.
  Time since last request: 0.000023 seconds.
  path: Assets/Modern Furniture/Materials/Triangle Chair/Textures/Seat_AO.png
  artifactKey: Guid(59ab9b3f5be88724ba03c7920542781a) Importer(815301076,1909f56bfc062723c751e8b465ee728b)
Start importing Assets/Modern Furniture/Materials/Triangle Chair/Textures/Seat_AO.png using Guid(59ab9b3f5be88724ba03c7920542781a) Importer(815301076,1909f56bfc062723c751e8b465ee728b)  -> (artifact id: 'b9ff10723b20376d52b065b66b92b3cb') in 0.007507 seconds 
========================================================================
Received Import Request.
  Time since last request: 0.000029 seconds.
  path: Assets/Modern Furniture/Prefabs/Curve Table.prefab
  artifactKey: Guid(82031c192aac35c4787ff87697c92999) Importer(815301076,1909f56bfc062723c751e8b465ee728b)
Start importing Assets/Modern Furniture/Prefabs/Curve Table.prefab using Guid(82031c192aac35c4787ff87697c92999) Importer(815301076,1909f56bfc062723c751e8b465ee728b)  -> (artifact id: 'ef832a19f6ecab2569eaf33708fbde8f') in 0.030772 seconds 
========================================================================
Received Import Request.
  Time since last request: 0.000018 seconds.
  path: Assets/EffectExamples/Blood/Textures/BloodStreamAlbedo.tif
  artifactKey: Guid(1a55072e908ebe74e962a97efbc17416) Importer(815301076,1909f56bfc062723c751e8b465ee728b)
Start importing Assets/EffectExamples/Blood/Textures/BloodStreamAlbedo.tif using Guid(1a55072e908ebe74e962a97efbc17416) Importer(815301076,1909f56bfc062723c751e8b465ee728b)  -> (artifact id: 'd725be13ff66f47b48e1c065c29c4581') in 0.007068 seconds 
========================================================================
Received Import Request.
  Time since last request: 0.000024 seconds.
  path: Assets/EffectExamples/Shared/PhysicsMaterials/Metal.physicMaterial
  artifactKey: Guid(77b2008fc6197f44a82570617d274355) Importer(815301076,1909f56bfc062723c751e8b465ee728b)
Start importing Assets/EffectExamples/Shared/PhysicsMaterials/Metal.physicMaterial using Guid(77b2008fc6197f44a82570617d274355) Importer(815301076,1909f56bfc062723c751e8b465ee728b)  -> (artifact id: '1510de6a39cd9c91fb5c4330220255cb') in 0.004288 seconds 
========================================================================
Received Import Request.
  Time since last request: 0.000020 seconds.
  path: Assets/EffectExamples/WaterEffects/Prefabs/WaterfallSmallEffect.prefab
  artifactKey: Guid(e0ea35e989dfcd043b42d7053b546abc) Importer(815301076,1909f56bfc062723c751e8b465ee728b)
Start importing Assets/EffectExamples/WaterEffects/Prefabs/WaterfallSmallEffect.prefab using Guid(e0ea35e989dfcd043b42d7053b546abc) Importer(815301076,1909f56bfc062723c751e8b465ee728b)  -> (artifact id: '9211fbeb887f99f4e8fe581d56192e4b') in 0.012122 seconds 
========================================================================
Received Import Request.
  Time since last request: 0.000018 seconds.
  path: Assets/Modern Furniture/Materials/Round Table/Textures/BottomMetal_Normal.png
  artifactKey: Guid(e97273f38ddf1624e8df95bb1c776fd1) Importer(815301076,1909f56bfc062723c751e8b465ee728b)
Start importing Assets/Modern Furniture/Materials/Round Table/Textures/BottomMetal_Normal.png using Guid(e97273f38ddf1624e8df95bb1c776fd1) Importer(815301076,1909f56bfc062723c751e8b465ee728b)  -> (artifact id: 'f92393f7d9dbdf719247585b50deba90') in 0.008748 seconds 
========================================================================
Received Import Request.
  Time since last request: 0.000015 seconds.
  path: Assets/цвет/New Material.mat
  artifactKey: Guid(cc3037ea7d477aa4dbc52e0df972a390) Importer(815301076,1909f56bfc062723c751e8b465ee728b)
Start importing Assets/цвет/New Material.mat using Guid(cc3037ea7d477aa4dbc52e0df972a390) Importer(815301076,1909f56bfc062723c751e8b465ee728b)  -> (artifact id: 'feffbb30b565919617d6e7f0219e8680') in 0.008205 seconds 
========================================================================
Received Import Request.
  Time since last request: 0.000014 seconds.
  path: Assets/Modern Furniture/Materials/Triangle Chair/Frame.mat
  artifactKey: Guid(9d7708d92b29122478ea956ccaf3346e) Importer(815301076,1909f56bfc062723c751e8b465ee728b)
Start importing Assets/Modern Furniture/Materials/Triangle Chair/Frame.mat using Guid(9d7708d92b29122478ea956ccaf3346e) Importer(815301076,1909f56bfc062723c751e8b465ee728b)  -> (artifact id: 'a006f544ff91b8a43927d3629e68104a') in 0.014889 seconds 
========================================================================
Received Import Request.
  Time since last request: 0.000022 seconds.
  path: Assets/Modern Furniture/Materials/Lamp/Textures/Base_Normal.png
  artifactKey: Guid(f9dcaf642110d164aaab4919dd1d0857) Importer(815301076,1909f56bfc062723c751e8b465ee728b)
Start importing Assets/Modern Furniture/Materials/Lamp/Textures/Base_Normal.png using Guid(f9dcaf642110d164aaab4919dd1d0857) Importer(815301076,1909f56bfc062723c751e8b465ee728b)  -> (artifact id: '762409636d304d822093946d23c1f1f3') in 0.008799 seconds 
========================================================================
Received Import Request.
  Time since last request: 200.006440 seconds.
  path: Assets/сцена/МЕНЮ.unity
  artifactKey: Guid(f3e74bd36d6217944ac5d5089e9cd812) Importer(815301076,1909f56bfc062723c751e8b465ee728b)
Start importing Assets/сцена/МЕНЮ.unity using Guid(f3e74bd36d6217944ac5d5089e9cd812) Importer(815301076,1909f56bfc062723c751e8b465ee728b)  -> (artifact id: '65484598758189ca7aafcc20852e14ff') in 0.001928 seconds 
========================================================================
Received Import Request.
  Time since last request: 865.802364 seconds.
  path: Assets/сцена/МЕНЮ.unity
  artifactKey: Guid(f3e74bd36d6217944ac5d5089e9cd812) Importer(815301076,1909f56bfc062723c751e8b465ee728b)
Start importing Assets/сцена/МЕНЮ.unity using Guid(f3e74bd36d6217944ac5d5089e9cd812) Importer(815301076,1909f56bfc062723c751e8b465ee728b)  -> (artifact id: '18b7f2ab9c3779b3203a5d949a5a1865') in 0.002007 seconds 
