Using pre-set license
Built from '2021.3/staging' branch; Version is '2021.3.18f1 (3129e69bc0c7) revision 3221990'; Using compiler version '192829333'; Build Type 'Release'
OS: 'Windows 11  (10.0.22000) 64bit Professional' Language: 'ru' Physical Memory: 65369 MB
BatchMode: 1, IsHumanControllingUs: 0, StartBugReporterOnCrash: 0, Is64bit: 1, IsPro: 1

COMMAND LINE ARGUMENTS:
C:\Program Files\Unity\Hub\Editor\2021.3.18f1\Editor\Unity.exe
-adb2
-batchMode
-noUpm
-name
AssetImportWorker1
-projectPath
C:/Users/Ученик/Documents/GitHub/reactions/реакции
-logFile
Logs/AssetImportWorker1.log
-srvPort
65389
Successfully changed project path to: C:/Users/Ученик/Documents/GitHub/reactions/реакции
C:/Users/Ученик/Documents/GitHub/reactions/реакции
[UnityMemory] Configuration Parameters - Can be set up in boot.config
    "memorysetup-bucket-allocator-granularity=16"
    "memorysetup-bucket-allocator-bucket-count=8"
    "memorysetup-bucket-allocator-block-size=33554432"
    "memorysetup-bucket-allocator-block-count=8"
    "memorysetup-main-allocator-block-size=16777216"
    "memorysetup-thread-allocator-block-size=16777216"
    "memorysetup-gfx-main-allocator-block-size=16777216"
    "memorysetup-gfx-thread-allocator-block-size=16777216"
    "memorysetup-cache-allocator-block-size=4194304"
    "memorysetup-typetree-allocator-block-size=2097152"
    "memorysetup-profiler-bucket-allocator-granularity=16"
    "memorysetup-profiler-bucket-allocator-bucket-count=8"
    "memorysetup-profiler-bucket-allocator-block-size=33554432"
    "memorysetup-profiler-bucket-allocator-block-count=8"
    "memorysetup-profiler-allocator-block-size=16777216"
    "memorysetup-profiler-editor-allocator-block-size=1048576"
    "memorysetup-temp-allocator-size-main=16777216"
    "memorysetup-job-temp-allocator-block-size=2097152"
    "memorysetup-job-temp-allocator-block-size-background=1048576"
    "memorysetup-job-temp-allocator-reduction-small-platforms=262144"
    "memorysetup-temp-allocator-size-background-worker=32768"
    "memorysetup-temp-allocator-size-job-worker=262144"
    "memorysetup-temp-allocator-size-preload-manager=33554432"
    "memorysetup-temp-allocator-size-nav-mesh-worker=65536"
    "memorysetup-temp-allocator-size-audio-worker=65536"
    "memorysetup-temp-allocator-size-cloud-worker=32768"
    "memorysetup-temp-allocator-size-gi-baking-worker=262144"
    "memorysetup-temp-allocator-size-gfx=262144"
Player connection [17144] Host "[IP] 192.168.1.178 [Port] 0 [Flags] 2 [Guid] 2785790927 [EditorId] 2785790927 [Version] 1048832 [Id] WindowsEditor(7,WS-0ECB42) [Debug] 1 [PackageName] WindowsEditor [ProjectName] Editor" joined multi-casting on [225.0.0.222:54997]...

Player connection [17144] Host "[IP] 192.168.1.178 [Port] 0 [Flags] 2 [Guid] 2785790927 [EditorId] 2785790927 [Version] 1048832 [Id] WindowsEditor(7,WS-0ECB42) [Debug] 1 [PackageName] WindowsEditor [ProjectName] Editor" joined alternative multi-casting on [225.0.0.222:34997]...

Refreshing native plugins compatible for Editor in 71.61 ms, found 12 plugins.
Preloading 1 native plugins for Editor in 0.33 ms.
Initialize engine version: 2021.3.18f1 (3129e69bc0c7)
[Subsystems] Discovering subsystems at path C:/Program Files/Unity/Hub/Editor/2021.3.18f1/Editor/Data/Resources/UnitySubsystems
[Subsystems] Discovering subsystems at path C:/Users/Ученик/Documents/GitHub/reactions/реакции/Assets
GfxDevice: creating device client; threaded=0; jobified=0
Direct3D:
    Version:  Direct3D 11.0 [level 11.1]
    Renderer: NVIDIA GeForce RTX 3080 (ID=0x220a)
    Vendor:   NVIDIA
    VRAM:     12107 MB
    Driver:   31.0.15.2824
Initialize mono
Mono path[0] = 'C:/Program Files/Unity/Hub/Editor/2021.3.18f1/Editor/Data/Managed'
Mono path[1] = 'C:/Program Files/Unity/Hub/Editor/2021.3.18f1/Editor/Data/MonoBleedingEdge/lib/mono/unityjit-win32'
Mono config path = 'C:/Program Files/Unity/Hub/Editor/2021.3.18f1/Editor/Data/MonoBleedingEdge/etc'
Using monoOptions --debugger-agent=transport=dt_socket,embedding=1,server=y,suspend=n,address=127.0.0.1:56732
Begin MonoManager ReloadAssembly
Registering precompiled unity dll's ...
Register platform support module: C:/Program Files/Unity/Hub/Editor/2021.3.18f1/Editor/Data/PlaybackEngines/AndroidPlayer/UnityEditor.Android.Extensions.dll
Register platform support module: C:/Program Files/Unity/Hub/Editor/2021.3.18f1/Editor/Data/PlaybackEngines/WindowsStandaloneSupport/UnityEditor.WindowsStandalone.Extensions.dll
Registered in 0.003024 seconds.
Native extension for WindowsStandalone target not found
Native extension for Android target not found
Android Extension - Scanning For ADB Devices 1680 ms
Refreshing native plugins compatible for Editor in 62.96 ms, found 12 plugins.
Preloading 1 native plugins for Editor in 0.05 ms.
Mono: successfully reloaded assembly
- Completed reload, in  2.129 seconds
Domain Reload Profiling:
	ReloadAssembly (2129ms)
		BeginReloadAssembly (41ms)
			ExecutionOrderSort (0ms)
			DisableScriptedObjects (0ms)
			BackupInstance (0ms)
			ReleaseScriptingObjects (0ms)
			CreateAndSetChildDomain (0ms)
		EndReloadAssembly (2014ms)
			LoadAssemblies (41ms)
			RebuildTransferFunctionScriptingTraits (0ms)
			SetupTypeCache (81ms)
			ReleaseScriptCaches (0ms)
			RebuildScriptCaches (19ms)
			SetupLoadedEditorAssemblies (1880ms)
				LogAssemblyErrors (0ms)
				InitializePlatformSupportModulesInManaged (1724ms)
				SetLoadedEditorAssemblies (0ms)
				RefreshPlugins (63ms)
				BeforeProcessingInitializeOnLoad (1ms)
				ProcessInitializeOnLoadAttributes (60ms)
				ProcessInitializeOnLoadMethodAttributes (32ms)
				AfterProcessingInitializeOnLoad (0ms)
				EditorAssembliesLoaded (0ms)
			ExecutionOrderSort2 (0ms)
			AwakeInstancesAfterBackupRestoration (0ms)
Platform modules already initialized, skipping
Registering precompiled user dll's ...
Registered in 0.004510 seconds.
Begin MonoManager ReloadAssembly
Symbol file LoadedFromMemory doesn't match image C:\Users\Ученик\Documents\GitHub\reactions\реакции\Library\PackageCache\com.unity.visualscripting@1.8.0\Editor\VisualScripting.Core\Dependencies\DotNetZip\Unity.VisualScripting.IonicZip.dll
Symbol file LoadedFromMemory doesn't match image C:\Users\Ученик\Documents\GitHub\reactions\реакции\Library\PackageCache\com.unity.visualscripting@1.8.0\Editor\VisualScripting.Core\Dependencies\YamlDotNet\Unity.VisualScripting.YamlDotNet.dll
Native extension for WindowsStandalone target not found
Native extension for Android target not found
Refreshing native plugins compatible for Editor in 71.45 ms, found 12 plugins.
Preloading 1 native plugins for Editor in 0.05 ms.
Package Manager log level set to [2]
System.Reflection.TargetInvocationException: Exception has been thrown by the target of an invocation. ---> System.NullReferenceException: Object reference not set to an instance of an object
  at Unity.XR.Oculus.OculusLoader.AssetPathToAbsolutePath (System.String assetPath) [0x0003d] in C:\Users\Ученик\Documents\GitHub\reactions\реакции\Library\PackageCache\com.unity.xr.oculus@3.2.2\Runtime\OculusLoader.cs:296 
  at Unity.XR.Oculus.OculusLoader.EditorLoadOVRPlugin () [0x0007b] in C:\Users\Ученик\Documents\GitHub\reactions\реакции\Library\PackageCache\com.unity.xr.oculus@3.2.2\Runtime\OculusLoader.cs:281 
  at (wrapper managed-to-native) System.Reflection.RuntimeMethodInfo.InternalInvoke(System.Reflection.RuntimeMethodInfo,object,object[],System.Exception&)
  at System.Reflection.RuntimeMethodInfo.Invoke (System.Object obj, System.Reflection.BindingFlags invokeAttr, System.Reflection.Binder binder, System.Object[] parameters, System.Globalization.CultureInfo culture) [0x0006a] in <1f66344f2f89470293d8b67d71308c07>:0 
   --- End of inner exception stack trace ---
  at System.Reflection.RuntimeMethodInfo.Invoke (System.Object obj, System.Reflection.BindingFlags invokeAttr, System.Reflection.Binder binder, System.Object[] parameters, System.Globalization.CultureInfo culture) [0x00083] in <1f66344f2f89470293d8b67d71308c07>:0 
  at System.Reflection.MethodBase.Invoke (System.Object obj, System.Object[] parameters) [0x00000] in <1f66344f2f89470293d8b67d71308c07>:0 
  at UnityEditor.EditorAssemblies.ProcessInitializeOnLoadMethodAttributes () [0x000a5] in <42a64fd733d9417da1ea3a757ad9a96d>:0 
UnityEngine.StackTraceUtility:ExtractStackTrace ()
UnityEngine.DebugLogHandler:LogFormat (UnityEngine.LogType,UnityEngine.Object,string,object[])
UnityEngine.Logger:Log (UnityEngine.LogType,object)
UnityEngine.Debug:LogError (object)
UnityEditor.EditorAssemblies:ProcessInitializeOnLoadMethodAttributes ()

Mono: successfully reloaded assembly
- Completed reload, in  0.916 seconds
Domain Reload Profiling:
	ReloadAssembly (917ms)
		BeginReloadAssembly (74ms)
			ExecutionOrderSort (0ms)
			DisableScriptedObjects (4ms)
			BackupInstance (0ms)
			ReleaseScriptingObjects (0ms)
			CreateAndSetChildDomain (14ms)
		EndReloadAssembly (742ms)
			LoadAssemblies (55ms)
			RebuildTransferFunctionScriptingTraits (0ms)
			SetupTypeCache (204ms)
			ReleaseScriptCaches (0ms)
			RebuildScriptCaches (41ms)
			SetupLoadedEditorAssemblies (401ms)
				LogAssemblyErrors (0ms)
				InitializePlatformSupportModulesInManaged (11ms)
				SetLoadedEditorAssemblies (0ms)
				RefreshPlugins (72ms)
				BeforeProcessingInitializeOnLoad (61ms)
				ProcessInitializeOnLoadAttributes (217ms)
				ProcessInitializeOnLoadMethodAttributes (34ms)
				AfterProcessingInitializeOnLoad (6ms)
				EditorAssembliesLoaded (0ms)
			ExecutionOrderSort2 (0ms)
			AwakeInstancesAfterBackupRestoration (5ms)
Platform modules already initialized, skipping
========================================================================
Worker process is ready to serve import requests
Launched and connected shader compiler UnityShaderCompiler.exe after 0.02 seconds
Refreshing native plugins compatible for Editor in 1.12 ms, found 12 plugins.
Preloading 1 native plugins for Editor in 0.12 ms.
Unloading 3926 Unused Serialized files (Serialized files now loaded: 0)
Unloading 63 unused Assets / (1.3 MB). Loaded Objects now: 4356.
Memory consumption went from 147.0 MB to 145.7 MB.
Total: 4.006900 ms (FindLiveObjects: 0.333500 ms CreateObjectMapping: 0.267500 ms MarkObjects: 3.107100 ms  DeleteObjects: 0.297300 ms)

AssetImportParameters requested are different than current active one (requested -> active):
  custom:video-decoder-ogg-theora: a1e56fd34408186e4bbccfd4996cb3dc -> 
  custom:container-muxer-webm: aa71ff27fc2769a1b78a27578f13a17b -> 
  custom:container-demuxer-webm: 4f35f7cbe854078d1ac9338744f61a02 -> 
  custom:video-encoder-webm-vp8: eb34c28f22e8b96e1ab97ce403110664 -> 
  custom:audio-encoder-webm-vorbis: bf7c407c2cedff20999df2af8eb42d56 -> 
  custom:framework-win-MediaFoundation: 216162199b28c13a410421893ffa2e32 -> 
  custom:container-demuxer-ogg: 62fdf1f143b41e24485cea50d1cbac27 -> 
  custom:video-decoder-webm-vp8: 9c59270c3fd7afecdb556c50c9e8de78 -> 
  custom:audio-decoder-ogg-vorbis: bf7c407c2cedff20999df2af8eb42d56 -> 
========================================================================
Received Import Request.
  Time since last request: 218604.877340 seconds.
  path: Assets/EffectExamples/Readme.asset
  artifactKey: Guid(83c2ed844a8c74b779a4c823d16594b1) Importer(815301076,1909f56bfc062723c751e8b465ee728b)
Start importing Assets/EffectExamples/Readme.asset using Guid(83c2ed844a8c74b779a4c823d16594b1) Importer(815301076,1909f56bfc062723c751e8b465ee728b)  -> (artifact id: '5ca2b3a3fe62ec43dcb46ffe6ac8490d') in 0.031409 seconds 
========================================================================
Received Import Request.
  Time since last request: 151.336515 seconds.
  path: Assets/EffectExamples/Scenes/Menu/ReflectionProbe-1.exr
  artifactKey: Guid(169a8370c9af86f46bac118280da2234) Importer(815301076,1909f56bfc062723c751e8b465ee728b)
Start importing Assets/EffectExamples/Scenes/Menu/ReflectionProbe-1.exr using Guid(169a8370c9af86f46bac118280da2234) Importer(815301076,1909f56bfc062723c751e8b465ee728b)  -> (artifact id: '9efc12e0858e197b29fb425362d4375e') in 0.058380 seconds 
========================================================================
Received Import Request.
  Time since last request: 382.777250 seconds.
  path: Assets/XR/Settings/Open XR Package Settings.asset
  artifactKey: Guid(a9a6963505ddf7f4d886008c6dc86122) Importer(815301076,1909f56bfc062723c751e8b465ee728b)
Start importing Assets/XR/Settings/Open XR Package Settings.asset using Guid(a9a6963505ddf7f4d886008c6dc86122) Importer(815301076,1909f56bfc062723c751e8b465ee728b)  -> (artifact id: 'c986d44c50535e02c91e7bbeceb2b2f3') in 0.013090 seconds 
========================================================================
Received Import Request.
  Time since last request: 0.000023 seconds.
  path: Assets/EffectExamples/Shared/Materials/Background.mat
  artifactKey: Guid(0ae8aab4ae40e7741a636cf6e5136a55) Importer(815301076,1909f56bfc062723c751e8b465ee728b)
Start importing Assets/EffectExamples/Shared/Materials/Background.mat using Guid(0ae8aab4ae40e7741a636cf6e5136a55) Importer(815301076,1909f56bfc062723c751e8b465ee728b)  -> (artifact id: 'd84d19c71232f82021f449082d2d75e7') in 0.151296 seconds 
========================================================================
Received Import Request.
  Time since last request: 1.202238 seconds.
  path: Assets/Modern Furniture/Materials/Single Frame Chair/Base.mat
  artifactKey: Guid(91fc410146321464bb62e1d6a75a9b4e) Importer(815301076,1909f56bfc062723c751e8b465ee728b)
Start importing Assets/Modern Furniture/Materials/Single Frame Chair/Base.mat using Guid(91fc410146321464bb62e1d6a75a9b4e) Importer(815301076,1909f56bfc062723c751e8b465ee728b)  -> (artifact id: '68cc2c819527f6c4d3bb733378add5f1') in 0.188653 seconds 
========================================================================
Received Import Request.
  Time since last request: 0.286681 seconds.
  path: Assets/Modern Furniture/Prefabs/Source/Materials/Base.mat
  artifactKey: Guid(a9b959b0a19892a468453635c615b30a) Importer(815301076,1909f56bfc062723c751e8b465ee728b)
Start importing Assets/Modern Furniture/Prefabs/Source/Materials/Base.mat using Guid(a9b959b0a19892a468453635c615b30a) Importer(815301076,1909f56bfc062723c751e8b465ee728b)  -> (artifact id: '34d80dfb41bee4917a70716972567c0e') in 0.070704 seconds 
========================================================================
Received Import Request.
  Time since last request: 0.000016 seconds.
  path: Assets/Modern Furniture/Materials/Curve Chair/Base.mat
  artifactKey: Guid(3d81b4f170ceb8540a1456fad6b52e6b) Importer(815301076,1909f56bfc062723c751e8b465ee728b)
Start importing Assets/Modern Furniture/Materials/Curve Chair/Base.mat using Guid(3d81b4f170ceb8540a1456fad6b52e6b) Importer(815301076,1909f56bfc062723c751e8b465ee728b)  -> (artifact id: '1ede6550d64abdbfebbd7dc834723fea') in 0.017580 seconds 
========================================================================
Received Import Request.
  Time since last request: 0.000017 seconds.
  path: Assets/Modern Furniture/Materials/Curve Table/Base.mat
  artifactKey: Guid(69854018870f7db448d75139318e410a) Importer(815301076,1909f56bfc062723c751e8b465ee728b)
Start importing Assets/Modern Furniture/Materials/Curve Table/Base.mat using Guid(69854018870f7db448d75139318e410a) Importer(815301076,1909f56bfc062723c751e8b465ee728b)  -> (artifact id: '1909416a3c7dd8465742d14b5e3cda6a') in 0.016526 seconds 
========================================================================
Received Import Request.
  Time since last request: 0.407903 seconds.
  path: Assets/Modern Furniture/Prefabs/Source/Materials/Base.001.mat
  artifactKey: Guid(db76f4ccd3f809c42adbcce8e3724a67) Importer(815301076,1909f56bfc062723c751e8b465ee728b)
Start importing Assets/Modern Furniture/Prefabs/Source/Materials/Base.001.mat using Guid(db76f4ccd3f809c42adbcce8e3724a67) Importer(815301076,1909f56bfc062723c751e8b465ee728b)  -> (artifact id: 'be851e14cb8206e5a149934d5710be1e') in 0.012313 seconds 
========================================================================
Received Import Request.
  Time since last request: 0.446649 seconds.
  path: Assets/Modern Furniture/Prefabs/Source/Materials/Base.003.mat
  artifactKey: Guid(c8b3f1e8178f15144a52fcc8455c5928) Importer(815301076,1909f56bfc062723c751e8b465ee728b)
Start importing Assets/Modern Furniture/Prefabs/Source/Materials/Base.003.mat using Guid(c8b3f1e8178f15144a52fcc8455c5928) Importer(815301076,1909f56bfc062723c751e8b465ee728b)  -> (artifact id: '1a0126a90564a606c9a98786f3531286') in 0.023823 seconds 
========================================================================
Received Import Request.
  Time since last request: 0.005230 seconds.
  path: Assets/Modern Furniture/Materials/Curve Table/Textures/Base_AO.png
  artifactKey: Guid(7f9fb8c0e3f90c548a7a1ffb6592ae16) Importer(815301076,1909f56bfc062723c751e8b465ee728b)
Start importing Assets/Modern Furniture/Materials/Curve Table/Textures/Base_AO.png using Guid(7f9fb8c0e3f90c548a7a1ffb6592ae16) Importer(815301076,1909f56bfc062723c751e8b465ee728b)  -> (artifact id: '91f19a99c2b761b4b79dae0f55be4a70') in 0.012243 seconds 
========================================================================
Received Import Request.
  Time since last request: 0.009283 seconds.
  path: Assets/Modern Furniture/Materials/Triangle Chair/Textures/Base_AO.png
  artifactKey: Guid(066792fe8ae3c9446ad2825088c1b160) Importer(815301076,1909f56bfc062723c751e8b465ee728b)
Start importing Assets/Modern Furniture/Materials/Triangle Chair/Textures/Base_AO.png using Guid(066792fe8ae3c9446ad2825088c1b160) Importer(815301076,1909f56bfc062723c751e8b465ee728b)  -> (artifact id: 'c873615adcaf2465dbc7ac7a9e2962f0') in 0.009307 seconds 
========================================================================
Received Import Request.
  Time since last request: 0.597117 seconds.
  path: Assets/Modern Furniture/Materials/CoffeeTable/Textures/Base_AO.png
  artifactKey: Guid(e239102f4b9fbc64787c3df419aa7c7b) Importer(815301076,1909f56bfc062723c751e8b465ee728b)
Start importing Assets/Modern Furniture/Materials/CoffeeTable/Textures/Base_AO.png using Guid(e239102f4b9fbc64787c3df419aa7c7b) Importer(815301076,1909f56bfc062723c751e8b465ee728b)  -> (artifact id: '76cfae6547285904861eadf113ac0bc2') in 0.010335 seconds 
========================================================================
Received Import Request.
  Time since last request: 0.000013 seconds.
  path: Assets/Modern Furniture/Materials/Rock Style Table/Textures/Base_AO.png
  artifactKey: Guid(914f90c13d55c0d4c825ce720cca9355) Importer(815301076,1909f56bfc062723c751e8b465ee728b)
Start importing Assets/Modern Furniture/Materials/Rock Style Table/Textures/Base_AO.png using Guid(914f90c13d55c0d4c825ce720cca9355) Importer(815301076,1909f56bfc062723c751e8b465ee728b)  -> (artifact id: '4adc2f4c72b8f9e67c91b36c52768dca') in 0.010101 seconds 
========================================================================
Received Import Request.
  Time since last request: 0.015035 seconds.
  path: Assets/Modern Furniture/Materials/Curve Chair/Texture/Base_Clolour.png
  artifactKey: Guid(8494151bd4f79f8469e63a3eb76fa82e) Importer(815301076,1909f56bfc062723c751e8b465ee728b)
Start importing Assets/Modern Furniture/Materials/Curve Chair/Texture/Base_Clolour.png using Guid(8494151bd4f79f8469e63a3eb76fa82e) Importer(815301076,1909f56bfc062723c751e8b465ee728b)  -> (artifact id: '0cb2d44c16920450d75c6d3cc08e7be2') in 0.010636 seconds 
========================================================================
Received Import Request.
  Time since last request: 1.763142 seconds.
  path: Assets/Modern Furniture/Materials/Rock Style Table/Textures/Base_Colour.png
  artifactKey: Guid(6c3a81b15ba20b94c9716a2fea94a93a) Importer(815301076,1909f56bfc062723c751e8b465ee728b)
Start importing Assets/Modern Furniture/Materials/Rock Style Table/Textures/Base_Colour.png using Guid(6c3a81b15ba20b94c9716a2fea94a93a) Importer(815301076,1909f56bfc062723c751e8b465ee728b)  -> (artifact id: 'b492e19e0439a5694793e16ebcd408ab') in 0.012705 seconds 
========================================================================
Received Import Request.
  Time since last request: 0.000015 seconds.
  path: Assets/Modern Furniture/Materials/CoffeeTable/Textures/Base_Colour.png
  artifactKey: Guid(31245f8e2bf09694992a0ad054673291) Importer(815301076,1909f56bfc062723c751e8b465ee728b)
Start importing Assets/Modern Furniture/Materials/CoffeeTable/Textures/Base_Colour.png using Guid(31245f8e2bf09694992a0ad054673291) Importer(815301076,1909f56bfc062723c751e8b465ee728b)  -> (artifact id: '9b36c829cb63deab098de6dedf0e88c8') in 0.015677 seconds 
========================================================================
Received Import Request.
  Time since last request: 0.000015 seconds.
  path: Assets/Modern Furniture/Materials/Desk/Textures/Base_HeightMap.png
  artifactKey: Guid(a424b3456732a3b40a372b0350fcd6c3) Importer(815301076,1909f56bfc062723c751e8b465ee728b)
Start importing Assets/Modern Furniture/Materials/Desk/Textures/Base_HeightMap.png using Guid(a424b3456732a3b40a372b0350fcd6c3) Importer(815301076,1909f56bfc062723c751e8b465ee728b)  -> (artifact id: 'c7430f1631a0da5d128be5e92c989a27') in 0.013156 seconds 
========================================================================
Received Import Request.
  Time since last request: 0.000016 seconds.
  path: Assets/Modern Furniture/Prefabs/Desk.prefab
  artifactKey: Guid(d49c866259847a94e8a4407e400864df) Importer(815301076,1909f56bfc062723c751e8b465ee728b)
Start importing Assets/Modern Furniture/Prefabs/Desk.prefab using Guid(d49c866259847a94e8a4407e400864df) Importer(815301076,1909f56bfc062723c751e8b465ee728b)  -> (artifact id: '1791ebd2b2b03a45a3f969fba3bdf6ea') in 0.057133 seconds 
========================================================================
Received Import Request.
  Time since last request: 0.000018 seconds.
  path: Assets/Modern Furniture/Materials/Triangle Chair/Seat.mat
  artifactKey: Guid(d99110964931ed24b8b2dbbdfc4c75ed) Importer(815301076,1909f56bfc062723c751e8b465ee728b)
Start importing Assets/Modern Furniture/Materials/Triangle Chair/Seat.mat using Guid(d99110964931ed24b8b2dbbdfc4c75ed) Importer(815301076,1909f56bfc062723c751e8b465ee728b)  -> (artifact id: '3824214eacb79fb8389630b48eee0830') in 0.022472 seconds 
========================================================================
Received Import Request.
  Time since last request: 0.000027 seconds.
  path: Assets/Modern Furniture/Materials/Round Table/TopMetal.mat
  artifactKey: Guid(b09724ccb8a3f4c478464113a9defcda) Importer(815301076,1909f56bfc062723c751e8b465ee728b)
Start importing Assets/Modern Furniture/Materials/Round Table/TopMetal.mat using Guid(b09724ccb8a3f4c478464113a9defcda) Importer(815301076,1909f56bfc062723c751e8b465ee728b)  -> (artifact id: 'efb5415ead04eb42e56f3e1a951c5698') in 0.020816 seconds 
========================================================================
Received Import Request.
  Time since last request: 0.000015 seconds.
  path: Assets/Modern Furniture/Materials/Book Rack/Texture/Base_HeigtMap.png
  artifactKey: Guid(8badda4352be2054cadd0db9f9d0886b) Importer(815301076,1909f56bfc062723c751e8b465ee728b)
Start importing Assets/Modern Furniture/Materials/Book Rack/Texture/Base_HeigtMap.png using Guid(8badda4352be2054cadd0db9f9d0886b) Importer(815301076,1909f56bfc062723c751e8b465ee728b)  -> (artifact id: '98988db1f7d52489158342fbb6a3e4c6') in 0.010089 seconds 
========================================================================
Received Import Request.
  Time since last request: 0.000016 seconds.
  path: Assets/EffectExamples/Blood/Textures/BloodDropAlbedo.tif
  artifactKey: Guid(fd9fde9ce6505d546952963a514b1909) Importer(815301076,1909f56bfc062723c751e8b465ee728b)
Start importing Assets/EffectExamples/Blood/Textures/BloodDropAlbedo.tif using Guid(fd9fde9ce6505d546952963a514b1909) Importer(815301076,1909f56bfc062723c751e8b465ee728b)  -> (artifact id: 'd1d6e68c1e6fe1fb1604df544fb17f36') in 0.010182 seconds 
========================================================================
Received Import Request.
  Time since last request: 0.000014 seconds.
  path: Assets/Modern Furniture/Materials/Curve Table/Textures/Base_Colour.png
  artifactKey: Guid(b3664d74f1196e041ba128c66d33bb9f) Importer(815301076,1909f56bfc062723c751e8b465ee728b)
Start importing Assets/Modern Furniture/Materials/Curve Table/Textures/Base_Colour.png using Guid(b3664d74f1196e041ba128c66d33bb9f) Importer(815301076,1909f56bfc062723c751e8b465ee728b)  -> (artifact id: '3f160c60300b1eab3449f85b881170e2') in 0.008718 seconds 
========================================================================
Received Import Request.
  Time since last request: 0.000012 seconds.
  path: Assets/Modern Furniture/Materials/Single Frame Chair/Textures/Base_HeightMap.png
  artifactKey: Guid(7138da8378ffa824eabb74f96391e5f4) Importer(815301076,1909f56bfc062723c751e8b465ee728b)
Start importing Assets/Modern Furniture/Materials/Single Frame Chair/Textures/Base_HeightMap.png using Guid(7138da8378ffa824eabb74f96391e5f4) Importer(815301076,1909f56bfc062723c751e8b465ee728b)  -> (artifact id: 'a043e2ded5ab9cdef08ee7ea9821383e') in 0.009872 seconds 
========================================================================
Received Import Request.
  Time since last request: 0.000019 seconds.
  path: Assets/Modern Furniture/Materials/Round Table/Textures/BottomMetal_Colour.png
  artifactKey: Guid(6d0067dfb5c261a4aae9c30d81047617) Importer(815301076,1909f56bfc062723c751e8b465ee728b)
Start importing Assets/Modern Furniture/Materials/Round Table/Textures/BottomMetal_Colour.png using Guid(6d0067dfb5c261a4aae9c30d81047617) Importer(815301076,1909f56bfc062723c751e8b465ee728b)  -> (artifact id: '88acde8a1d4fce1f0c3666716a2cb3dc') in 0.009388 seconds 
========================================================================
Received Import Request.
  Time since last request: 0.000019 seconds.
  path: Assets/Modern Furniture/Prefabs/Book Rack.prefab
  artifactKey: Guid(98eeaae6915160b4b91c176c00cc42aa) Importer(815301076,1909f56bfc062723c751e8b465ee728b)
Start importing Assets/Modern Furniture/Prefabs/Book Rack.prefab using Guid(98eeaae6915160b4b91c176c00cc42aa) Importer(815301076,1909f56bfc062723c751e8b465ee728b)  -> (artifact id: 'f832959980839dafdd5a71aa18c77e40') in 0.020058 seconds 
========================================================================
Received Import Request.
  Time since last request: 0.000019 seconds.
  path: Assets/Modern Furniture/Materials/Triangle Chair/Textures/Base_Normal.png
  artifactKey: Guid(1d51057f906a98f46b3ff8735cc08241) Importer(815301076,1909f56bfc062723c751e8b465ee728b)
Start importing Assets/Modern Furniture/Materials/Triangle Chair/Textures/Base_Normal.png using Guid(1d51057f906a98f46b3ff8735cc08241) Importer(815301076,1909f56bfc062723c751e8b465ee728b)  -> (artifact id: '7c65f1e1a9b8bf59744f9bd3778f83c2') in 0.012202 seconds 
========================================================================
Received Import Request.
  Time since last request: 0.000016 seconds.
  path: Assets/Modern Furniture/Materials/Rock Style Table/Textures/Base_Metallic.png
  artifactKey: Guid(6838f071c62373c479792200cffe7192) Importer(815301076,1909f56bfc062723c751e8b465ee728b)
Start importing Assets/Modern Furniture/Materials/Rock Style Table/Textures/Base_Metallic.png using Guid(6838f071c62373c479792200cffe7192) Importer(815301076,1909f56bfc062723c751e8b465ee728b)  -> (artifact id: '76069bd83fcb563626cecb91e3e45d58') in 0.008525 seconds 
========================================================================
Received Import Request.
  Time since last request: 0.000018 seconds.
  path: Assets/Modern Furniture/Materials/Desk/Textures/Top_Normal.png
  artifactKey: Guid(9c4e38683c9eb30419cddee90b2088e8) Importer(815301076,1909f56bfc062723c751e8b465ee728b)
Start importing Assets/Modern Furniture/Materials/Desk/Textures/Top_Normal.png using Guid(9c4e38683c9eb30419cddee90b2088e8) Importer(815301076,1909f56bfc062723c751e8b465ee728b)  -> (artifact id: '412ba081c5e363f2951093873d2c37e1') in 0.009011 seconds 
========================================================================
Received Import Request.
  Time since last request: 0.000016 seconds.
  path: Assets/Modern Furniture/Materials/Book Rack/Book Shelf.mat
  artifactKey: Guid(f43c3690095112f4588c816a8752274d) Importer(815301076,1909f56bfc062723c751e8b465ee728b)
Start importing Assets/Modern Furniture/Materials/Book Rack/Book Shelf.mat using Guid(f43c3690095112f4588c816a8752274d) Importer(815301076,1909f56bfc062723c751e8b465ee728b)  -> (artifact id: 'b8b00baa70c53627a7d0084be838f5d6') in 0.013035 seconds 
========================================================================
Received Import Request.
  Time since last request: 0.000015 seconds.
  path: Assets/ExampleAssets/Models/XRControllerLeft.fbx
  artifactKey: Guid(e48d18018a0ba46c283d9fd9c227e578) Importer(815301076,1909f56bfc062723c751e8b465ee728b)
Start importing Assets/ExampleAssets/Models/XRControllerLeft.fbx using Guid(e48d18018a0ba46c283d9fd9c227e578) Importer(815301076,1909f56bfc062723c751e8b465ee728b)  -> (artifact id: '57c2e1dd01724fa6beae75c5c049ca59') in 0.053016 seconds 
========================================================================
Received Import Request.
  Time since last request: 0.000023 seconds.
  path: Assets/EffectExamples/Shared/PhysicsMaterials/Meat.physicMaterial
  artifactKey: Guid(8843da9524c3cec4eaebc0bf81cc4e1a) Importer(815301076,1909f56bfc062723c751e8b465ee728b)
Start importing Assets/EffectExamples/Shared/PhysicsMaterials/Meat.physicMaterial using Guid(8843da9524c3cec4eaebc0bf81cc4e1a) Importer(815301076,1909f56bfc062723c751e8b465ee728b)  -> (artifact id: '710750cd8176bbd5ee04356994d3fefc') in 0.005185 seconds 
========================================================================
Received Import Request.
  Time since last request: 0.000046 seconds.
  path: Assets/Modern Furniture/Materials/Book Rack/Texture/Base_Metallic.png
  artifactKey: Guid(049b87bc59ff7334f8886a28cfd9665a) Importer(815301076,1909f56bfc062723c751e8b465ee728b)
Start importing Assets/Modern Furniture/Materials/Book Rack/Texture/Base_Metallic.png using Guid(049b87bc59ff7334f8886a28cfd9665a) Importer(815301076,1909f56bfc062723c751e8b465ee728b)  -> (artifact id: 'f0cc4cae334f7ae3eecd370d72307658') in 0.009647 seconds 
========================================================================
Received Import Request.
  Time since last request: 0.000019 seconds.
  path: Assets/EffectExamples/Shared/PhysicsMaterials/WaterFilled.physicMaterial
  artifactKey: Guid(f9723f702b0ae204db594e4ca7c769d5) Importer(815301076,1909f56bfc062723c751e8b465ee728b)
Start importing Assets/EffectExamples/Shared/PhysicsMaterials/WaterFilled.physicMaterial using Guid(f9723f702b0ae204db594e4ca7c769d5) Importer(815301076,1909f56bfc062723c751e8b465ee728b)  -> (artifact id: '56edb7a23125c8c8804e62e1f00a57dd') in 0.004128 seconds 
========================================================================
Received Import Request.
  Time since last request: 0.000023 seconds.
  path: Assets/Modern Furniture/Materials/Triangle Chair/Textures/Seat_Metallic.png
  artifactKey: Guid(e8036a6ecb99dd94ea9dd11cf531c479) Importer(815301076,1909f56bfc062723c751e8b465ee728b)
Start importing Assets/Modern Furniture/Materials/Triangle Chair/Textures/Seat_Metallic.png using Guid(e8036a6ecb99dd94ea9dd11cf531c479) Importer(815301076,1909f56bfc062723c751e8b465ee728b)  -> (artifact id: '4588789157dcc67361b9204b5365dbca') in 0.007529 seconds 
========================================================================
Received Import Request.
  Time since last request: 0.000019 seconds.
  path: Assets/Modern Furniture/Materials/Rock Style Table/Textures/Base_Normal.png
  artifactKey: Guid(bbc5565f2202bf6419f89fc824e5c83f) Importer(815301076,1909f56bfc062723c751e8b465ee728b)
Start importing Assets/Modern Furniture/Materials/Rock Style Table/Textures/Base_Normal.png using Guid(bbc5565f2202bf6419f89fc824e5c83f) Importer(815301076,1909f56bfc062723c751e8b465ee728b)  -> (artifact id: '03a69ff3d539326d43d3a4cf21903d64') in 0.008053 seconds 
========================================================================
Received Import Request.
  Time since last request: 0.000014 seconds.
  path: Assets/EffectExamples/WaterEffects/Textures/WaterDropParticle.tif
  artifactKey: Guid(3735ed3a20c01874f9804d7e18416659) Importer(815301076,1909f56bfc062723c751e8b465ee728b)
Start importing Assets/EffectExamples/WaterEffects/Textures/WaterDropParticle.tif using Guid(3735ed3a20c01874f9804d7e18416659) Importer(815301076,1909f56bfc062723c751e8b465ee728b)  -> (artifact id: '9db5679b8b8cc96d3503271e6ae022de') in 0.007096 seconds 
========================================================================
Received Import Request.
  Time since last request: 0.000013 seconds.
  path: Assets/Modern Furniture/Materials/Triangle Chair/Textures/SeatHeightMap.png
  artifactKey: Guid(ec2b6bf98a54c8f498205023ef050279) Importer(815301076,1909f56bfc062723c751e8b465ee728b)
Start importing Assets/Modern Furniture/Materials/Triangle Chair/Textures/SeatHeightMap.png using Guid(ec2b6bf98a54c8f498205023ef050279) Importer(815301076,1909f56bfc062723c751e8b465ee728b)  -> (artifact id: '752ee95ef3826f8ad10c4fd82f37426c') in 0.007719 seconds 
========================================================================
Received Import Request.
  Time since last request: 0.000014 seconds.
  path: Assets/EffectExamples/FireExplosionEffects/Prefabs/BigExplosionEffect.prefab
  artifactKey: Guid(acf39d9f4addf294d93fa56fa373961b) Importer(815301076,1909f56bfc062723c751e8b465ee728b)
Start importing Assets/EffectExamples/FireExplosionEffects/Prefabs/BigExplosionEffect.prefab using Guid(acf39d9f4addf294d93fa56fa373961b) Importer(815301076,1909f56bfc062723c751e8b465ee728b)  -> (artifact id: '0f50c2c5a9ce93d09543e870b6f498dc') in 0.298386 seconds 
========================================================================
Received Import Request.
  Time since last request: 0.000018 seconds.
  path: Assets/EffectExamples/WaterEffects/Prefabs/RainEffect.prefab
  artifactKey: Guid(d0c0b49979d372942ae5a964d9364111) Importer(815301076,1909f56bfc062723c751e8b465ee728b)
Start importing Assets/EffectExamples/WaterEffects/Prefabs/RainEffect.prefab using Guid(d0c0b49979d372942ae5a964d9364111) Importer(815301076,1909f56bfc062723c751e8b465ee728b)  -> (artifact id: '5d3c6998bb7aadd5e708e2dff5ac7921') in 0.024445 seconds 
========================================================================
Received Import Request.
  Time since last request: 0.000024 seconds.
  path: Assets/EffectExamples/Shared/Materials/Skybox.mat
  artifactKey: Guid(d1385980456cd2044b282d73625457db) Importer(815301076,1909f56bfc062723c751e8b465ee728b)
Start importing Assets/EffectExamples/Shared/Materials/Skybox.mat using Guid(d1385980456cd2044b282d73625457db) Importer(815301076,1909f56bfc062723c751e8b465ee728b)  -> (artifact id: '360fe0e450a61968568d2cffe50be5a4') in 0.057437 seconds 
========================================================================
Received Import Request.
  Time since last request: 0.000017 seconds.
  path: Assets/Modern Furniture/Materials/Rock Style Table/Textures/Top_Colour.png
  artifactKey: Guid(47f593cdae4dd7e4a91599c27cc2368d) Importer(815301076,1909f56bfc062723c751e8b465ee728b)
Start importing Assets/Modern Furniture/Materials/Rock Style Table/Textures/Top_Colour.png using Guid(47f593cdae4dd7e4a91599c27cc2368d) Importer(815301076,1909f56bfc062723c751e8b465ee728b)  -> (artifact id: '337aeac0eb2585a0afed87be71b51d30') in 0.010032 seconds 
========================================================================
Received Import Request.
  Time since last request: 0.000017 seconds.
  path: Assets/EffectExamples/WeaponEffects/Textures/BloodStreakAlbedo.tif
  artifactKey: Guid(07a10375da67ac9429e4694a4e70a774) Importer(815301076,1909f56bfc062723c751e8b465ee728b)
Start importing Assets/EffectExamples/WeaponEffects/Textures/BloodStreakAlbedo.tif using Guid(07a10375da67ac9429e4694a4e70a774) Importer(815301076,1909f56bfc062723c751e8b465ee728b)  -> (artifact id: '38604b24fde9c29c30bcf0bd5dcb8d0e') in 0.007511 seconds 
========================================================================
Received Import Request.
  Time since last request: 0.000016 seconds.
  path: Assets/EffectExamples/WaterEffects/Textures/WaterTrailParticle.tif
  artifactKey: Guid(1aa700dc6241ca84aa513fc5573761db) Importer(815301076,1909f56bfc062723c751e8b465ee728b)
Start importing Assets/EffectExamples/WaterEffects/Textures/WaterTrailParticle.tif using Guid(1aa700dc6241ca84aa513fc5573761db) Importer(815301076,1909f56bfc062723c751e8b465ee728b)  -> (artifact id: '522e65955cae3db35b2152f2a7a24e19') in 0.008138 seconds 
========================================================================
Received Import Request.
  Time since last request: 0.000020 seconds.
  path: Assets/EffectExamples/Shared/Models/FPSWeapon.fbx
  artifactKey: Guid(47509307932d1e140a2b4d9024d228e4) Importer(815301076,1909f56bfc062723c751e8b465ee728b)
Start importing Assets/EffectExamples/Shared/Models/FPSWeapon.fbx using Guid(47509307932d1e140a2b4d9024d228e4) Importer(815301076,1909f56bfc062723c751e8b465ee728b)  -> (artifact id: '049cb35bdca33640f6e36b6b466ab47a') in 0.010784 seconds 
========================================================================
Received Import Request.
  Time since last request: 0.000021 seconds.
  path: Assets/EffectExamples/WeaponEffects/Textures/BloodSprayAlbedo.tif
  artifactKey: Guid(3f4abfb4beaba874db09889251c0f146) Importer(815301076,1909f56bfc062723c751e8b465ee728b)
Start importing Assets/EffectExamples/WeaponEffects/Textures/BloodSprayAlbedo.tif using Guid(3f4abfb4beaba874db09889251c0f146) Importer(815301076,1909f56bfc062723c751e8b465ee728b)  -> (artifact id: '2da64a45999101bd299ef7fe9e7dac45') in 0.007312 seconds 
========================================================================
Received Import Request.
  Time since last request: 0.000017 seconds.
  path: Assets/цвет/New Material - Copy - Copy - Copy.mat
  artifactKey: Guid(66c2152d09e960c4b9aff27b898da6ae) Importer(815301076,1909f56bfc062723c751e8b465ee728b)
Start importing Assets/цвет/New Material - Copy - Copy - Copy.mat using Guid(66c2152d09e960c4b9aff27b898da6ae) Importer(815301076,1909f56bfc062723c751e8b465ee728b)  -> (artifact id: 'a52fc57f14e9a51b5072a2767b81312c') in 0.012270 seconds 
========================================================================
Received Import Request.
  Time since last request: 0.000020 seconds.
  path: Assets/цвет/New Material 1.mat
  artifactKey: Guid(e9c254f607c2af644952987e68660e9f) Importer(815301076,1909f56bfc062723c751e8b465ee728b)
Start importing Assets/цвет/New Material 1.mat using Guid(e9c254f607c2af644952987e68660e9f) Importer(815301076,1909f56bfc062723c751e8b465ee728b)  -> (artifact id: '836c72bbf4d2cc455413527984100b16') in 0.007975 seconds 
========================================================================
Received Import Request.
  Time since last request: 0.000019 seconds.
  path: Assets/FreeLabAssets/Models/Flask_01.fbx
  artifactKey: Guid(3475b932e25f196499c2c98f6fc6367a) Importer(815301076,1909f56bfc062723c751e8b465ee728b)
Start importing Assets/FreeLabAssets/Models/Flask_01.fbx using Guid(3475b932e25f196499c2c98f6fc6367a) Importer(815301076,1909f56bfc062723c751e8b465ee728b)  -> (artifact id: 'b0d4571d986ba6d8fe35cb2be416965f') in 0.016611 seconds 
========================================================================
Received Import Request.
  Time since last request: 0.000021 seconds.
  path: Assets/EffectExamples/FireExplosionEffects/Prefabs/SmallExplosionEffect.prefab
  artifactKey: Guid(ecdd96beb7f93494880c052dfccf9dc1) Importer(815301076,1909f56bfc062723c751e8b465ee728b)
Start importing Assets/EffectExamples/FireExplosionEffects/Prefabs/SmallExplosionEffect.prefab using Guid(ecdd96beb7f93494880c052dfccf9dc1) Importer(815301076,1909f56bfc062723c751e8b465ee728b)  -> (artifact id: 'b6a3864affd47afb069de463d9c093b2') in 0.062719 seconds 
========================================================================
Received Import Request.
  Time since last request: 0.000020 seconds.
  path: Assets/EffectExamples/WaterEffects/Materials/ImpactSplashParticle.mat
  artifactKey: Guid(90c3f5183cf0f9d488b3821973c75c93) Importer(815301076,1909f56bfc062723c751e8b465ee728b)
Start importing Assets/EffectExamples/WaterEffects/Materials/ImpactSplashParticle.mat using Guid(90c3f5183cf0f9d488b3821973c75c93) Importer(815301076,1909f56bfc062723c751e8b465ee728b)  -> (artifact id: '1782b4e848e124957b691079e19c4caf') in 0.008137 seconds 
========================================================================
Received Import Request.
  Time since last request: 0.000023 seconds.
  path: Assets/Modern Furniture/Prefabs/Coffee Table.prefab
  artifactKey: Guid(82ec713d07f8ca84f8e9deff3be21b2a) Importer(815301076,1909f56bfc062723c751e8b465ee728b)
Start importing Assets/Modern Furniture/Prefabs/Coffee Table.prefab using Guid(82ec713d07f8ca84f8e9deff3be21b2a) Importer(815301076,1909f56bfc062723c751e8b465ee728b)  -> (artifact id: '3d5d6f28438f04c21aebb2857bf42563') in 0.180600 seconds 
========================================================================
Received Import Request.
  Time since last request: 0.000015 seconds.
  path: Assets/EffectExamples/Blood/Prefabs/BloodStreamEffect.prefab
  artifactKey: Guid(a3768c8a9d1b90d4bb0eb0e4bdbe730c) Importer(815301076,1909f56bfc062723c751e8b465ee728b)
Start importing Assets/EffectExamples/Blood/Prefabs/BloodStreamEffect.prefab using Guid(a3768c8a9d1b90d4bb0eb0e4bdbe730c) Importer(815301076,1909f56bfc062723c751e8b465ee728b)  -> (artifact id: '3dc366d309d8813eed7f5ea78eeaa115') in 0.152759 seconds 
========================================================================
Received Import Request.
  Time since last request: 0.000017 seconds.
  path: Assets/цвет/New Material - Copy - Copy.mat
  artifactKey: Guid(6c1c257c2b97c1b4d909d39d1bc25e35) Importer(815301076,1909f56bfc062723c751e8b465ee728b)
Start importing Assets/цвет/New Material - Copy - Copy.mat using Guid(6c1c257c2b97c1b4d909d39d1bc25e35) Importer(815301076,1909f56bfc062723c751e8b465ee728b)  -> (artifact id: '28a9cfb8943064f48e04ddc148fd468a') in 0.008657 seconds 
========================================================================
Received Import Request.
  Time since last request: 0.000037 seconds.
  path: Assets/EffectExamples/WaterEffects/Textures/ImpactSplashParticle.tif
  artifactKey: Guid(a4948475d3e9a794cad36c380b171ea7) Importer(815301076,1909f56bfc062723c751e8b465ee728b)
Start importing Assets/EffectExamples/WaterEffects/Textures/ImpactSplashParticle.tif using Guid(a4948475d3e9a794cad36c380b171ea7) Importer(815301076,1909f56bfc062723c751e8b465ee728b)  -> (artifact id: 'bb83d12a91e1e66c641a38f30f83235f') in 0.007111 seconds 
========================================================================
Received Import Request.
  Time since last request: 0.000016 seconds.
  path: Assets/ExampleAssets/Materials/Skybox Light.mat
  artifactKey: Guid(3a408e788dcbed6429c8d22a01b32a76) Importer(815301076,1909f56bfc062723c751e8b465ee728b)
Start importing Assets/ExampleAssets/Materials/Skybox Light.mat using Guid(3a408e788dcbed6429c8d22a01b32a76) Importer(815301076,1909f56bfc062723c751e8b465ee728b)  -> (artifact id: '6bd109c271ca4d5954b80baafbfdb1e6') in 0.007781 seconds 
========================================================================
Received Import Request.
  Time since last request: 0.000016 seconds.
  path: Assets/цвет/New Material - Copy.mat
  artifactKey: Guid(33aa2896cd8e7374f88491f2f5858176) Importer(815301076,1909f56bfc062723c751e8b465ee728b)
Start importing Assets/цвет/New Material - Copy.mat using Guid(33aa2896cd8e7374f88491f2f5858176) Importer(815301076,1909f56bfc062723c751e8b465ee728b)  -> (artifact id: '489d34f018dd9a62f5e32816717ee7e2') in 0.007184 seconds 
========================================================================
Received Import Request.
  Time since last request: 0.000022 seconds.
  path: Assets/Modern Furniture/Prefabs/Source/Coffee Table.fbx
  artifactKey: Guid(c6fbc66f5a81964428ffbf7df894ef45) Importer(815301076,1909f56bfc062723c751e8b465ee728b)
Start importing Assets/Modern Furniture/Prefabs/Source/Coffee Table.fbx using Guid(c6fbc66f5a81964428ffbf7df894ef45) Importer(815301076,1909f56bfc062723c751e8b465ee728b)  -> (artifact id: 'fb7a9cd2518223a9034ede5e66e8e590') in 0.015189 seconds 
========================================================================
Received Import Request.
  Time since last request: 0.000027 seconds.
  path: Assets/EffectExamples/Shared/Prefabs/Wood.prefab
  artifactKey: Guid(b6d38b5165f9b6e49a8402118b5237a1) Importer(815301076,1909f56bfc062723c751e8b465ee728b)
Start importing Assets/EffectExamples/Shared/Prefabs/Wood.prefab using Guid(b6d38b5165f9b6e49a8402118b5237a1) Importer(815301076,1909f56bfc062723c751e8b465ee728b)  -> (artifact id: '77ed1a7b820afa516f3ac867dbccf988') in 0.012837 seconds 
========================================================================
Received Import Request.
  Time since last request: 0.000020 seconds.
  path: Assets/EffectExamples/FireExplosionEffects/Prefabs/FlameThrowerEffect.prefab
  artifactKey: Guid(3123da49cb81147489b444f2749aba47) Importer(815301076,1909f56bfc062723c751e8b465ee728b)
Start importing Assets/EffectExamples/FireExplosionEffects/Prefabs/FlameThrowerEffect.prefab using Guid(3123da49cb81147489b444f2749aba47) Importer(815301076,1909f56bfc062723c751e8b465ee728b)  -> (artifact id: '859ebf8a7e66ed6cc3e6f6b10e8b21fc') in 0.142438 seconds 
========================================================================
Received Import Request.
  Time since last request: 0.000015 seconds.
  path: Assets/EffectExamples/WeaponEffects/Materials/DustPuffParticle.mat
  artifactKey: Guid(1402721190994cd46b64bf7cba78f5d8) Importer(815301076,1909f56bfc062723c751e8b465ee728b)
Start importing Assets/EffectExamples/WeaponEffects/Materials/DustPuffParticle.mat using Guid(1402721190994cd46b64bf7cba78f5d8) Importer(815301076,1909f56bfc062723c751e8b465ee728b)  -> (artifact id: 'c83b4b88efb4216103b6389bd6af7557') in 0.007933 seconds 
========================================================================
Received Import Request.
  Time since last request: 0.000022 seconds.
  path: Assets/EffectExamples/WeaponEffects/Textures/BloodStreakNormals.tif
  artifactKey: Guid(4b403858fefaded4bb58c22aa41b8769) Importer(815301076,1909f56bfc062723c751e8b465ee728b)
Start importing Assets/EffectExamples/WeaponEffects/Textures/BloodStreakNormals.tif using Guid(4b403858fefaded4bb58c22aa41b8769) Importer(815301076,1909f56bfc062723c751e8b465ee728b)  -> (artifact id: '4001946fedcaea2bafa590df519d13cb') in 0.008042 seconds 
========================================================================
Received Import Request.
  Time since last request: 0.000014 seconds.
  path: Assets/Modern Furniture/Materials/Desk/Textures/Top_Metallic.png
  artifactKey: Guid(1e3a4764237dd6f44b2a8725495839e0) Importer(815301076,1909f56bfc062723c751e8b465ee728b)
Start importing Assets/Modern Furniture/Materials/Desk/Textures/Top_Metallic.png using Guid(1e3a4764237dd6f44b2a8725495839e0) Importer(815301076,1909f56bfc062723c751e8b465ee728b)  -> (artifact id: 'a18247092fd4766b02ea996872d9d98c') in 0.004759 seconds 
========================================================================
Received Import Request.
  Time since last request: 0.000021 seconds.
  path: Assets/EffectExamples/Blood/Textures/BloodSprayNormals.tif
  artifactKey: Guid(d3d3954ad53568b49b1fda6366f2b5ee) Importer(815301076,1909f56bfc062723c751e8b465ee728b)
Start importing Assets/EffectExamples/Blood/Textures/BloodSprayNormals.tif using Guid(d3d3954ad53568b49b1fda6366f2b5ee) Importer(815301076,1909f56bfc062723c751e8b465ee728b)  -> (artifact id: '9cc77059dad346996c14c07252ea0f10') in 0.007551 seconds 
========================================================================
Received Import Request.
  Time since last request: 0.000014 seconds.
  path: Assets/EffectExamples/FireExplosionEffects/Materials/DebrisParticle.mat
  artifactKey: Guid(72815344e9e9c7446895e130936932d7) Importer(815301076,1909f56bfc062723c751e8b465ee728b)
Start importing Assets/EffectExamples/FireExplosionEffects/Materials/DebrisParticle.mat using Guid(72815344e9e9c7446895e130936932d7) Importer(815301076,1909f56bfc062723c751e8b465ee728b)  -> (artifact id: '50f8e569869ce547eb19515aa2e25e5a') in 0.007462 seconds 
========================================================================
Received Import Request.
  Time since last request: 0.000018 seconds.
  path: Assets/Modern Furniture/Materials/Round Table/Textures/BottomMetal_HeightMap.png
  artifactKey: Guid(f732dd09d6106c840923b78ad20c405a) Importer(815301076,1909f56bfc062723c751e8b465ee728b)
Start importing Assets/Modern Furniture/Materials/Round Table/Textures/BottomMetal_HeightMap.png using Guid(f732dd09d6106c840923b78ad20c405a) Importer(815301076,1909f56bfc062723c751e8b465ee728b)  -> (artifact id: '6ebb485b4393cf84c8fd4b19ded34c37') in 0.007625 seconds 
========================================================================
Received Import Request.
  Time since last request: 0.000035 seconds.
  path: Assets/Modern Furniture/Materials/Lamp/Textures/Base_HeightMap.png
  artifactKey: Guid(7ebc1051bc5f00b4d9cec7edab4fb60d) Importer(815301076,1909f56bfc062723c751e8b465ee728b)
Start importing Assets/Modern Furniture/Materials/Lamp/Textures/Base_HeightMap.png using Guid(7ebc1051bc5f00b4d9cec7edab4fb60d) Importer(815301076,1909f56bfc062723c751e8b465ee728b)  -> (artifact id: 'b3fff0785619168c46ab7693b8a9147c') in 0.004469 seconds 
========================================================================
Received Import Request.
  Time since last request: 0.000016 seconds.
  path: Assets/Modern Furniture/Materials/CoffeeTable/Frame.mat
  artifactKey: Guid(d2331c33f276c9d4aa1e5cb00286b0a1) Importer(815301076,1909f56bfc062723c751e8b465ee728b)
Start importing Assets/Modern Furniture/Materials/CoffeeTable/Frame.mat using Guid(d2331c33f276c9d4aa1e5cb00286b0a1) Importer(815301076,1909f56bfc062723c751e8b465ee728b)  -> (artifact id: '502ddc446317dd5aebfaafa5dabaa365') in 0.014685 seconds 
========================================================================
Received Import Request.
  Time since last request: 0.000013 seconds.
  path: Assets/Modern Furniture/Materials/Triangle Chair/Textures/Seat_Normal.png
  artifactKey: Guid(7b3fe8671ffa47848a2c723057f420fc) Importer(815301076,1909f56bfc062723c751e8b465ee728b)
Start importing Assets/Modern Furniture/Materials/Triangle Chair/Textures/Seat_Normal.png using Guid(7b3fe8671ffa47848a2c723057f420fc) Importer(815301076,1909f56bfc062723c751e8b465ee728b)  -> (artifact id: '57d9a642acdba68eff5b583e694bf7f3') in 0.010017 seconds 
========================================================================
Received Import Request.
  Time since last request: 0.000013 seconds.
  path: Assets/EffectExamples/Misc Effects/Prefabs/DustMotesEffect.prefab
  artifactKey: Guid(5ca4c580b3888314581688fa46fb142d) Importer(815301076,1909f56bfc062723c751e8b465ee728b)
Start importing Assets/EffectExamples/Misc Effects/Prefabs/DustMotesEffect.prefab using Guid(5ca4c580b3888314581688fa46fb142d) Importer(815301076,1909f56bfc062723c751e8b465ee728b)  -> (artifact id: '48c1553738cb65756492688b0cf8eb1c') in 0.030032 seconds 
========================================================================
Received Import Request.
  Time since last request: 0.000015 seconds.
  path: Assets/Modern Furniture/Materials/Desk/Textures/Top_Colour.png
  artifactKey: Guid(2ffd7eb5bf6c9a34ba580bd752c41099) Importer(815301076,1909f56bfc062723c751e8b465ee728b)
Start importing Assets/Modern Furniture/Materials/Desk/Textures/Top_Colour.png using Guid(2ffd7eb5bf6c9a34ba580bd752c41099) Importer(815301076,1909f56bfc062723c751e8b465ee728b)  -> (artifact id: 'b4f80e9d157af0a8134f6b3fccbf0def') in 0.007375 seconds 
========================================================================
Received Import Request.
  Time since last request: 0.000015 seconds.
  path: Assets/Modern Furniture/Materials/Rock Style Table/Textures/Top_AO.png
  artifactKey: Guid(901e4a00573703d4f88dd13fa7d226b6) Importer(815301076,1909f56bfc062723c751e8b465ee728b)
Start importing Assets/Modern Furniture/Materials/Rock Style Table/Textures/Top_AO.png using Guid(901e4a00573703d4f88dd13fa7d226b6) Importer(815301076,1909f56bfc062723c751e8b465ee728b)  -> (artifact id: '5df2c1d53668ed48debf31ac28d7ece1') in 0.007616 seconds 
========================================================================
Received Import Request.
  Time since last request: 0.000020 seconds.
  path: Assets/EffectExamples/Shared/Textures/CloudsOcclusion.tif
  artifactKey: Guid(86ad23c623f950a4997067186e283be5) Importer(815301076,1909f56bfc062723c751e8b465ee728b)
Start importing Assets/EffectExamples/Shared/Textures/CloudsOcclusion.tif using Guid(86ad23c623f950a4997067186e283be5) Importer(815301076,1909f56bfc062723c751e8b465ee728b)  -> (artifact id: '9d8a01b5aa1a51fbfa41222bc9474c2a') in 0.007523 seconds 
========================================================================
Received Import Request.
  Time since last request: 0.000014 seconds.
  path: Assets/EffectExamples/WeaponEffects/Materials/WaterStreamParticle.mat
  artifactKey: Guid(8ea6ed53aae46fe4e83d154e73aed27e) Importer(815301076,1909f56bfc062723c751e8b465ee728b)
Start importing Assets/EffectExamples/WeaponEffects/Materials/WaterStreamParticle.mat using Guid(8ea6ed53aae46fe4e83d154e73aed27e) Importer(815301076,1909f56bfc062723c751e8b465ee728b)  -> (artifact id: 'c66ce418f9cc24606528114957cc545d') in 0.008408 seconds 
========================================================================
Received Import Request.
  Time since last request: 0.000015 seconds.
  path: Assets/EffectExamples/Blood/Prefabs/BloodSprayEffect.prefab
  artifactKey: Guid(abb9f519b142e304d9c45b56afa768bc) Importer(815301076,1909f56bfc062723c751e8b465ee728b)
Start importing Assets/EffectExamples/Blood/Prefabs/BloodSprayEffect.prefab using Guid(abb9f519b142e304d9c45b56afa768bc) Importer(815301076,1909f56bfc062723c751e8b465ee728b)  -> (artifact id: 'a13374e249a20359115042f2f7332424') in 0.008521 seconds 
========================================================================
Received Import Request.
  Time since last request: 0.000016 seconds.
  path: Assets/Modern Furniture/Materials/CoffeeTable/Glass.mat
  artifactKey: Guid(b09e2e82e1f611e49b556e621f7d5d79) Importer(815301076,1909f56bfc062723c751e8b465ee728b)
Start importing Assets/Modern Furniture/Materials/CoffeeTable/Glass.mat using Guid(b09e2e82e1f611e49b556e621f7d5d79) Importer(815301076,1909f56bfc062723c751e8b465ee728b)  -> (artifact id: '0f01829e828750e91a9f0d98d795c408') in 0.013625 seconds 
========================================================================
Received Import Request.
  Time since last request: 0.000013 seconds.
  path: Assets/EffectExamples/Shared/Textures/wood_tiled_02_a.tif
  artifactKey: Guid(b81b746ea3b5a4f4ab92a152e3b0b01d) Importer(815301076,1909f56bfc062723c751e8b465ee728b)
Start importing Assets/EffectExamples/Shared/Textures/wood_tiled_02_a.tif using Guid(b81b746ea3b5a4f4ab92a152e3b0b01d) Importer(815301076,1909f56bfc062723c751e8b465ee728b)  -> (artifact id: '03d1e34160b2ef41c6aeb64e4579fd80') in 0.008595 seconds 
========================================================================
Received Import Request.
  Time since last request: 0.000017 seconds.
  path: Assets/EffectExamples/WaterEffects/Models/ImpactSplash.FBX
  artifactKey: Guid(8f8a4cd20bdf7f845ab3768cae8aceed) Importer(815301076,1909f56bfc062723c751e8b465ee728b)
Start importing Assets/EffectExamples/WaterEffects/Models/ImpactSplash.FBX using Guid(8f8a4cd20bdf7f845ab3768cae8aceed) Importer(815301076,1909f56bfc062723c751e8b465ee728b)  -> (artifact id: '170a05f01b80ef8de306d51e25b5edc6') in 0.010393 seconds 
========================================================================
Received Import Request.
  Time since last request: 0.000019 seconds.
  path: Assets/Modern Furniture/Materials/CoffeeTable/Textures/Base_Normal.png
  artifactKey: Guid(4ebc24d8c0ef5a246804203c555306de) Importer(815301076,1909f56bfc062723c751e8b465ee728b)
Start importing Assets/Modern Furniture/Materials/CoffeeTable/Textures/Base_Normal.png using Guid(4ebc24d8c0ef5a246804203c555306de) Importer(815301076,1909f56bfc062723c751e8b465ee728b)  -> (artifact id: '23a1f77f9e8ff29d4d2088cd43139f54') in 0.008474 seconds 
========================================================================
Received Import Request.
  Time since last request: 0.000015 seconds.
  path: Assets/Modern Furniture/Prefabs/Curve Chair.prefab
  artifactKey: Guid(a46007e0e828c384d99e630726ef6191) Importer(815301076,1909f56bfc062723c751e8b465ee728b)
Start importing Assets/Modern Furniture/Prefabs/Curve Chair.prefab using Guid(a46007e0e828c384d99e630726ef6191) Importer(815301076,1909f56bfc062723c751e8b465ee728b)  -> (artifact id: '186ec494bc610f8cc247496f6df84145') in 0.021563 seconds 
========================================================================
Received Import Request.
  Time since last request: 0.000014 seconds.
  path: Assets/FreeLabAssets/Models/Flask_02.fbx
  artifactKey: Guid(4f665beecc0be9e469ec31f98e732987) Importer(815301076,1909f56bfc062723c751e8b465ee728b)
Start importing Assets/FreeLabAssets/Models/Flask_02.fbx using Guid(4f665beecc0be9e469ec31f98e732987) Importer(815301076,1909f56bfc062723c751e8b465ee728b)  -> (artifact id: '1a780e3d20149d384651b6188e69270d') in 0.013435 seconds 
========================================================================
Received Import Request.
  Time since last request: 0.000014 seconds.
  path: Assets/EffectExamples/WeaponEffects/Textures/BloodStreak.mat
  artifactKey: Guid(2f03a6f5f76f67c45ae05e606f7ca2da) Importer(815301076,1909f56bfc062723c751e8b465ee728b)
Start importing Assets/EffectExamples/WeaponEffects/Textures/BloodStreak.mat using Guid(2f03a6f5f76f67c45ae05e606f7ca2da) Importer(815301076,1909f56bfc062723c751e8b465ee728b)  -> (artifact id: 'bf2add5f8831c1e7adbc89cfebb611df') in 0.008330 seconds 
========================================================================
Received Import Request.
  Time since last request: 0.000015 seconds.
  path: Assets/EffectExamples/WeaponEffects/Textures/FlashParticle.tif
  artifactKey: Guid(c826d12aca5bdda4c900b00833f6d875) Importer(815301076,1909f56bfc062723c751e8b465ee728b)
Start importing Assets/EffectExamples/WeaponEffects/Textures/FlashParticle.tif using Guid(c826d12aca5bdda4c900b00833f6d875) Importer(815301076,1909f56bfc062723c751e8b465ee728b)  -> (artifact id: '3ff0ecc14277ec394f656ff4e4821464') in 0.007803 seconds 
========================================================================
Received Import Request.
  Time since last request: 0.000014 seconds.
  path: Assets/EffectExamples/Misc Effects/Materials/DustMoteParticle.mat
  artifactKey: Guid(e27a3e2f84809914fa5bf3a7ac14ce9f) Importer(815301076,1909f56bfc062723c751e8b465ee728b)
Start importing Assets/EffectExamples/Misc Effects/Materials/DustMoteParticle.mat using Guid(e27a3e2f84809914fa5bf3a7ac14ce9f) Importer(815301076,1909f56bfc062723c751e8b465ee728b)  -> (artifact id: 'b0149344f93eeb0b6fd07051cdafbe80') in 0.007052 seconds 
========================================================================
Received Import Request.
  Time since last request: 0.000021 seconds.
  path: Assets/EffectExamples/Shared/Textures/wood_tiled_02_o.tif
  artifactKey: Guid(3f61242b237377e4590f4e6d1c869079) Importer(815301076,1909f56bfc062723c751e8b465ee728b)
Start importing Assets/EffectExamples/Shared/Textures/wood_tiled_02_o.tif using Guid(3f61242b237377e4590f4e6d1c869079) Importer(815301076,1909f56bfc062723c751e8b465ee728b)  -> (artifact id: 'a099b96947b253ffec197ff1d7be3b30') in 0.008172 seconds 
========================================================================
Received Import Request.
  Time since last request: 0.000015 seconds.
  path: Assets/EffectExamples/Shared/Textures/DustPuffSmallParticleSheet.png
  artifactKey: Guid(1c1f5fdffb8c5a944a978e8debb8fdfe) Importer(815301076,1909f56bfc062723c751e8b465ee728b)
Start importing Assets/EffectExamples/Shared/Textures/DustPuffSmallParticleSheet.png using Guid(1c1f5fdffb8c5a944a978e8debb8fdfe) Importer(815301076,1909f56bfc062723c751e8b465ee728b)  -> (artifact id: '31d1965b59baef21df7b4cbe80519cea') in 0.020668 seconds 
========================================================================
Received Import Request.
  Time since last request: 0.000018 seconds.
  path: Assets/Modern Furniture/Materials/Curve Table/Textures/Base_HeightMap.png
  artifactKey: Guid(329af663f57a9d44ea87ada7cf043e3c) Importer(815301076,1909f56bfc062723c751e8b465ee728b)
Start importing Assets/Modern Furniture/Materials/Curve Table/Textures/Base_HeightMap.png using Guid(329af663f57a9d44ea87ada7cf043e3c) Importer(815301076,1909f56bfc062723c751e8b465ee728b)  -> (artifact id: '7f9307d8998a29de872e901be2a3d994') in 0.007575 seconds 
========================================================================
Received Import Request.
  Time since last request: 0.000018 seconds.
  path: Assets/Modern Furniture/Materials/Rock Style Table/Textures/Top_Normal.png
  artifactKey: Guid(752df0ad034bcca418a426d70f31c597) Importer(815301076,1909f56bfc062723c751e8b465ee728b)
Start importing Assets/Modern Furniture/Materials/Rock Style Table/Textures/Top_Normal.png using Guid(752df0ad034bcca418a426d70f31c597) Importer(815301076,1909f56bfc062723c751e8b465ee728b)  -> (artifact id: '790311d3679a8fea9d1b62a38f94dc51') in 0.009371 seconds 
========================================================================
Received Import Request.
  Time since last request: 0.000015 seconds.
  path: Assets/Modern Furniture/Materials/Desk/Textures/Top_HeightMap.png
  artifactKey: Guid(070ce2a1d8519564f9a4166df196bd5d) Importer(815301076,1909f56bfc062723c751e8b465ee728b)
Start importing Assets/Modern Furniture/Materials/Desk/Textures/Top_HeightMap.png using Guid(070ce2a1d8519564f9a4166df196bd5d) Importer(815301076,1909f56bfc062723c751e8b465ee728b)  -> (artifact id: 'b467ab94357d23d2068c6ceb0fb7e428') in 0.008225 seconds 
========================================================================
Received Import Request.
  Time since last request: 0.000014 seconds.
  path: Assets/EffectExamples/Shared/Textures/CloudsAlpha.tif
  artifactKey: Guid(723753318dba7ab4eb68cfc0b10e71cd) Importer(815301076,1909f56bfc062723c751e8b465ee728b)
Start importing Assets/EffectExamples/Shared/Textures/CloudsAlpha.tif using Guid(723753318dba7ab4eb68cfc0b10e71cd) Importer(815301076,1909f56bfc062723c751e8b465ee728b)  -> (artifact id: '8ccab8567ce464470188a73b276d08a9') in 0.007737 seconds 
========================================================================
Received Import Request.
  Time since last request: 0.000016 seconds.
  path: Assets/Modern Furniture/Materials/Rock Style Table/Textures/Base_HeightMap.png
  artifactKey: Guid(6669bd676b48cde438528a764698299d) Importer(815301076,1909f56bfc062723c751e8b465ee728b)
Start importing Assets/Modern Furniture/Materials/Rock Style Table/Textures/Base_HeightMap.png using Guid(6669bd676b48cde438528a764698299d) Importer(815301076,1909f56bfc062723c751e8b465ee728b)  -> (artifact id: 'eaa0184fd4cf6499b909c5f8c35df084') in 0.004628 seconds 
========================================================================
Received Import Request.
  Time since last request: 0.000017 seconds.
  path: Assets/EffectExamples/Shared/Materials/DarkDefault.mat
  artifactKey: Guid(2062b6d0a7a2d4f46b4689198aedadd9) Importer(815301076,1909f56bfc062723c751e8b465ee728b)
Start importing Assets/EffectExamples/Shared/Materials/DarkDefault.mat using Guid(2062b6d0a7a2d4f46b4689198aedadd9) Importer(815301076,1909f56bfc062723c751e8b465ee728b)  -> (artifact id: '2b6bf007994c4d9c42e37f9ef7de5c6d') in 0.007701 seconds 
========================================================================
Received Import Request.
  Time since last request: 0.000017 seconds.
  path: Assets/FreeLabAssets/Textures/Flask_01.tga
  artifactKey: Guid(f68d7052f7e96437cb9b2bb9f8572a34) Importer(815301076,1909f56bfc062723c751e8b465ee728b)
Start importing Assets/FreeLabAssets/Textures/Flask_01.tga using Guid(f68d7052f7e96437cb9b2bb9f8572a34) Importer(815301076,1909f56bfc062723c751e8b465ee728b)  -> (artifact id: '3891d25764e17b72ceda275d4fe4aa95') in 0.008134 seconds 
========================================================================
Received Import Request.
  Time since last request: 0.000019 seconds.
  path: Assets/Modern Furniture/Prefabs/Source/Materials/BottomMetal.mat
  artifactKey: Guid(33491dd600816644e8431875f8f75a3b) Importer(815301076,1909f56bfc062723c751e8b465ee728b)
Start importing Assets/Modern Furniture/Prefabs/Source/Materials/BottomMetal.mat using Guid(33491dd600816644e8431875f8f75a3b) Importer(815301076,1909f56bfc062723c751e8b465ee728b)  -> (artifact id: '60edd0045dd6f47de18749336053650a') in 0.007554 seconds 
========================================================================
Received Import Request.
  Time since last request: 0.000017 seconds.
  path: Assets/Modern Furniture/Materials/Round Table/Textures/Glass_AO.png
  artifactKey: Guid(04c9904155fc5e242adab838636bfd30) Importer(815301076,1909f56bfc062723c751e8b465ee728b)
Start importing Assets/Modern Furniture/Materials/Round Table/Textures/Glass_AO.png using Guid(04c9904155fc5e242adab838636bfd30) Importer(815301076,1909f56bfc062723c751e8b465ee728b)  -> (artifact id: 'f66d6b8b1d946e9ca79a522a14d6775d') in 0.008395 seconds 
========================================================================
Received Import Request.
  Time since last request: 0.000027 seconds.
  path: Assets/EffectExamples/FireExplosionEffects/Textures/DebrisParticleSheet.png
  artifactKey: Guid(af1f1b45fa6b5e64894c04ceb8a592f7) Importer(815301076,1909f56bfc062723c751e8b465ee728b)
Start importing Assets/EffectExamples/FireExplosionEffects/Textures/DebrisParticleSheet.png using Guid(af1f1b45fa6b5e64894c04ceb8a592f7) Importer(815301076,1909f56bfc062723c751e8b465ee728b)  -> (artifact id: '15adc3afc4ede63cab69d0c952381ba2') in 0.012055 seconds 
